[LOG] System::create                           : Header version = 1.08.02. Current version = 1.08.02.
[LOG] SystemI::init                            : FMOD Studio Version: 00010802 (74770)
[LOG] SystemI::init                            : maxchannels = 256, flags = 00020000, extradriverdata = 0000000000000000
[LOG] SystemI::close                           : 
[LOG] SystemI::close                           : Stop all sounds
[LOG] SystemI::close                           : done.

[LOG] OutputWASAPI::init                       : Mix Format (WAVEFORMATEX): wFormatTag=0xFFFE, nChannels=2, nSamplesPerSec=48000, nAvgBytesPerSec=384000, nBlockAlign=8, wBitsPerSample=32, cbSize=22.
[LOG] OutputWASAPI::init                       : Mix Format (WAVEFORMATEXTENSIBLE): wValidBitsPerSample=32, dwChannelMask=0x00000003, SubFormat=00000003-0000-0010-8000-00AA00389B71.
[LOG] OutputWASAPI::init                       : Output buffer size: 4096 samples, latency: 10.67ms, period: 10.00ms, DSP buffer: 1024 * 4
[LOG] Thread::initThread                       : Initializing FMOD mixer thread.  priority 3
[LOG] Thread::initThread                       : - Stacksize 49152.  Stack pointer 0000000000000000 : usesemaphore = 0 : sleeptime = 0
[LOG] Thread::callback                         : * FMOD mixer thread started
[LOG] SystemI::init                            : Set up emulated output
[LOG] SystemI::init                            : create the channel pool
[LOG] Thread::initThread                       : Initializing FMOD stream thread.  priority 2
[LOG] Thread::initThread                       : - Stacksize 65536.  Stack pointer 0000000000000000 : usesemaphore = 0 : sleeptime = 10
[LOG] Thread::callback                         : * FMOD stream thread started
[LOG] Thread::initThread                       : Initializing FMOD Studio sample load thread.  priority 0
[LOG] Thread::initThread                       : - Stacksize 65536.  Stack pointer 0000000000000000 : usesemaphore = 0 : sleeptime = 1
[LOG] Thread::callback                         : * FMOD Studio sample load thread started
[LOG] Thread::initThread                       : Initializing FMOD Studio bank load thread.  priority 0
[LOG] Thread::initThread                       : - Stacksize 65536.  Stack pointer 0000000000000000 : usesemaphore = 0 : sleeptime = 1
[LOG] Thread::callback                         : * FMOD Studio bank load thread started
[LOG] Manager::readBank                        : fileversion = 80, compatVersion = 70 (oldest = 44, newest = 74)
[LOG] LiveUpdate::clientConnected              : client = 00000000DE29FC58
[LOG] Manager::sendConnectTimeHash             : 
[LOG] LiveUpdate::sendConnectTimeHash          : 
[LOG] Manager::finishSync                      : 
[LOG] LiveUpdate::transitionToConnected        : 
[LOG] LiveUpdate::update                       : Established connection[LOG] SystemI::createSound                     : filename = F:\FYP\FYP-Project-Folder\Idea1_FMOD\Build\Desktop/Master Bank.bank : mode 0a010082
[LOG] SystemI::createSound                     : FMOD_NONBLOCKING specified.  Putting into queue to be opened asynchronously!
[LOG] SystemI::createSound                     : setdata soundi = 0000000042E3F4E8 : node = 00000000DDFBA250
[LOG] SystemI::createSound                     : add node to async list : head = 0000000042CF8810.  list count = 0
[LOG] AsyncThread::threadFunc                  : Starting Asynchronous operation on sound 0000000042E3F4E8
[LOG] SystemI::createSoundInternal             :     filename = F:\FYP\FYP-Project-Folder\Idea1_FMOD\Build\Desktop/Master Bank.bank : mode 0a010082
[LOG] SystemI::createSoundInternal             :     exinfo->cbsize             = 232
[LOG] SystemI::createSoundInternal             :     exinfo->length             = 1512064
[LOG] SystemI::createSoundInternal             :     exinfo->fileoffset         = 26176
[LOG] SystemI::createSoundInternal             :     exinfo->numsubsounds       = 1
[LOG] SystemI::createSoundInternal             :     exinfo->inclusionlist      = 00000000DDFBA368
[LOG] SystemI::createSoundInternal             :     exinfo->inclusionlistnum   = 1
[LOG] SystemI::createSoundInternal             :     exinfo->suggestedsoundtype = 5
[LOG] SystemI::createSoundInternal             :     exinfo->initialseekpostype = 1
[LOG] SystemI::createSoundInternal             :     Format has 1 subsounds.
[LOG] SystemI::createSoundInternal             :     Create as FMOD_CREATESTREAM
[LOG] System::createSoundInternal              :     decode buffersize = 19200 : blocksize = 256 : format = 2
[LOG] SystemI::createSample                    :     mode 0a010082 length 19200 samples, lengthbytes 375936
[LOG] SystemI::createSample                    :     channels = 2
[LOG] SystemI::createSample                    :     output = 00000000DDFC4338
[LOG] OutputSoftware::createSample             :     lengthpcm 19200, lengthbytes 375936, channels 2, format 2, freq 48000, mode 0a01008a
[LOG] System::createSoundInternal              :     1 subsounds detected.
[LOG] System::createSoundInternal              :     Seek stream to start
[LOG] System::createSoundInternal              :     flush stream buffer
[LOG] System::createSoundInternal              :     flush successful.
[LOG] System::createSoundInternal              :     switch file handle from small blocking single buffered to large nonblocking doublebuffered.
[LOG] SystemI::createSoundInternal             :     done.  OpenState now = FMOD_OPENSTATE_READY.

[LOG] AsyncThread::threadFunc                  : Finished Asynchronous operation on sound 0000000042E3F4E8
[LOG] SoundI::getSubSound                      : sound 0000000042E3F4E8.  Subsound index 0 / 1
[LOG] Manager::readBank                        : fileversion = 80, compatVersion = 70 (oldest = 44, newest = 74)
[LOG] SystemI::createSound                     : filename = F:\FYP\FYP-Project-Folder\Idea1_FMOD\Build\Desktop/Master Bank.bank : mode 0a010082
[LOG] SystemI::createSound                     : FMOD_NONBLOCKING specified.  Putting into queue to be opened asynchronously!
[LOG] SystemI::createSound                     : setdata soundi = 0000000042E3F828 : node = 00000000DDFBA100
[LOG] SystemI::createSound                     : add node to async list : head = 0000000042CF8810.  list count = 0
[LOG] AsyncThread::threadFunc                  : Starting Asynchronous operation on sound 0000000042E3F828
[LOG] SystemI::createSoundInternal             :     filename = F:\FYP\FYP-Project-Folder\Idea1_FMOD\Build\Desktop/Master Bank.bank : mode 0a010082
[LOG] SystemI::createSoundInternal             :     exinfo->cbsize             = 232
[LOG] SystemI::createSoundInternal             :     exinfo->length             = 1512064
[LOG] SystemI::createSoundInternal             :     exinfo->fileoffset         = 26176
[LOG] SystemI::createSoundInternal             :     exinfo->numsubsounds       = 1
[LOG] SystemI::createSoundInternal             :     exinfo->inclusionlist      = 00000000DDFBA218
[LOG] SystemI::createSoundInternal             :     exinfo->inclusionlistnum   = 1
[LOG] SystemI::createSoundInternal             :     exinfo->suggestedsoundtype = 5
[LOG] SystemI::createSoundInternal             :     exinfo->initialseekpostype = 1
[LOG] SystemI::createSoundInternal             :     Format has 1 subsounds.
[LOG] SystemI::createSoundInternal             :     Create as FMOD_CREATESTREAM
[LOG] System::createSoundInternal              :     decode buffersize = 19200 : blocksize = 256 : format = 2
[LOG] SystemI::createSample                    :     mode 0a010082 length 19200 samples, lengthbytes 375936
[LOG] SystemI::createSample                    :     channels = 2
[LOG] SystemI::createSample                    :     output = 00000000DDFC4338
[LOG] OutputSoftware::createSample             :     lengthpcm 19200, lengthbytes 375936, channels 2, format 2, freq 48000, mode 0a01008a
[LOG] System::createSoundInternal              :     1 subsounds detected.
[LOG] System::createSoundInternal              :     Seek stream to start
[LOG] System::createSoundInternal              :     flush stream buffer
[LOG] System::createSoundInternal              :     flush successful.
[LOG] System::createSoundInternal              :     switch file handle from small blocking single buffered to large nonblocking doublebuffered.
[LOG] SystemI::createSoundInternal             :     done.  OpenState now = FMOD_OPENSTATE_READY.

[LOG] AsyncThread::threadFunc                  : Finished Asynchronous operation on sound 0000000042E3F828
[LOG] SoundI::getSubSound                      : sound 0000000042E3F828.  Subsound index 0 / 1
[LOG] SystemI::createSound                     : filename = F:\FYP\FYP-Project-Folder\Idea1_FMOD\Build\Desktop/Master Bank.bank : mode 0a010082
[LOG] SystemI::createSound                     : FMOD_NONBLOCKING specified.  Putting into queue to be opened asynchronously!
[LOG] SystemI::createSound                     : setdata soundi = 00000000DDB14F98 : node = 00000000DDFBA790
[LOG] SystemI::createSound                     : add node to async list : head = 0000000042CF8810.  list count = 0
[LOG] AsyncThread::threadFunc                  : Starting Asynchronous operation on sound 00000000DDB14F98
[LOG] SystemI::createSoundInternal             :     filename = F:\FYP\FYP-Project-Folder\Idea1_FMOD\Build\Desktop/Master Bank.bank : mode 0a010082
[LOG] SystemI::createSoundInternal             :     exinfo->cbsize             = 232
[LOG] SystemI::createSoundInternal             :     exinfo->length             = 1512064
[LOG] SystemI::createSoundInternal             :     exinfo->fileoffset         = 26176
[LOG] SystemI::createSoundInternal             :     exinfo->numsubsounds       = 1
[LOG] SystemI::createSoundInternal             :     exinfo->inclusionlist      = 00000000DDFBA8A8
[LOG] SystemI::createSoundInternal             :     exinfo->inclusionlistnum   = 1
[LOG] SystemI::createSoundInternal             :     exinfo->suggestedsoundtype = 5
[LOG] SystemI::createSoundInternal             :     exinfo->initialseekpostype = 1
[LOG] SystemI::createSoundInternal             :     Format has 1 subsounds.
[LOG] SystemI::createSoundInternal             :     Create as FMOD_CREATESTREAM
[LOG] System::createSoundInternal              :     decode buffersize = 19200 : blocksize = 256 : format = 2
[LOG] SystemI::createSample                    :     mode 0a010082 length 19200 samples, lengthbytes 375936
[LOG] SystemI::createSample                    :     channels = 2
[LOG] SystemI::createSample                    :     output = 00000000DDFC4338
[LOG] OutputSoftware::createSample             :     lengthpcm 19200, lengthbytes 375936, channels 2, format 2, freq 48000, mode 0a01008a
[LOG] System::createSoundInternal              :     1 subsounds detected.
[LOG] System::createSoundInternal              :     Seek stream to start
[LOG] System::createSoundInternal              :     flush stream buffer
[LOG] System::createSoundInternal              :     flush successful.
[LOG] System::createSoundInternal              :     switch file handle from small blocking single buffered to large nonblocking doublebuffered.
[LOG] SystemI::createSoundInternal             :     done.  OpenState now = FMOD_OPENSTATE_READY.

[LOG] AsyncThread::threadFunc                  : Finished Asynchronous operation on sound 00000000DDB14F98
[LOG] Manager::readBank                        : fileversion = 80, compatVersion = 70 (oldest = 44, newest = 74)
[LOG] SoundI::getSubSound                      : sound 00000000DDB14F98.  Subsound index 0 / 1
[LOG] SystemI::createSound                     : filename = F:\FYP\FYP-Project-Folder\Idea1_FMOD\Build\Desktop/Master Bank.bank : mode 0a010082
[LOG] SystemI::createSound                     : FMOD_NONBLOCKING specified.  Putting into queue to be opened asynchronously!
[LOG] SystemI::createSound                     : setdata soundi = 00000000DDB152D8 : node = 00000000DDFB9E60
[LOG] SystemI::createSound                     : add node to async list : head = 0000000042CF8810.  list count = 0
[LOG] AsyncThread::threadFunc                  : Starting Asynchronous operation on sound 00000000DDB152D8
[LOG] SystemI::createSoundInternal             :     filename = F:\FYP\FYP-Project-Folder\Idea1_FMOD\Build\Desktop/Master Bank.bank : mode 0a010082
[LOG] SystemI::createSoundInternal             :     exinfo->cbsize             = 232
[LOG] SystemI::createSoundInternal             :     exinfo->length             = 1512064
[LOG] SystemI::createSoundInternal             :     exinfo->fileoffset         = 26176
[LOG] SystemI::createSoundInternal             :     exinfo->numsubsounds       = 1
[LOG] SystemI::createSoundInternal             :     exinfo->inclusionlist      = 00000000DDFB9F78
[LOG] SystemI::createSoundInternal             :     exinfo->inclusionlistnum   = 1
[LOG] SystemI::createSoundInternal             :     exinfo->suggestedsoundtype = 5
[LOG] SystemI::createSoundInternal             :     exinfo->initialseekpostype = 1
[LOG] SystemI::createSoundInternal             :     Format has 1 subsounds.
[LOG] SystemI::createSoundInternal             :     Create as FMOD_CREATESTREAM
[LOG] System::createSoundInternal              :     decode buffersize = 19200 : blocksize = 256 : format = 2
[LOG] SystemI::createSample                    :     mode 0a010082 length 19200 samples, lengthbytes 375936
[LOG] SystemI::createSample                    :     channels = 2
[LOG] SystemI::createSample                    :     output = 00000000DDFC4338
[LOG] OutputSoftware::createSample             :     lengthpcm 19200, lengthbytes 375936, channels 2, format 2, freq 48000, mode 0a01008a
[LOG] System::createSoundInternal              :     1 subsounds detected.
[LOG] System::createSoundInternal              :     Seek stream to start
[LOG] System::createSoundInternal              :     flush stream buffer
[LOG] System::createSoundInternal              :     flush successful.
[LOG] System::createSoundInternal              :     switch file handle from small blocking single buffered to large nonblocking doublebuffered.
[LOG] SystemI::createSoundInternal             :     done.  OpenState now = FMOD_OPENSTATE_READY.

[LOG] AsyncThread::threadFunc                  : Finished Asynchronous operation on sound 00000000DDB152D8
[LOG] SoundI::getSubSound                      : sound 00000000DDB152D8.  Subsound index 0 / 1
[LOG] Manager::readBank                        : fileversion = 80, compatVersion = 70 (oldest = 44, newest = 74)
[LOG] SystemI::createSound                     : filename = F:\FYP\FYP-Project-Folder\Idea1_FMOD\Build\Desktop/Master Bank.bank : mode 0a010082
[LOG] SystemI::createSound                     : FMOD_NONBLOCKING specified.  Putting into queue to be opened asynchronously!
[LOG] SystemI::createSound                     : setdata soundi = 00000000DDB15618 : node = 00000000DDFBA3A0
[LOG] SystemI::createSound                     : add node to async list : head = 0000000042CF8810.  list count = 0
[LOG] AsyncThread::threadFunc                  : Starting Asynchronous operation on sound 00000000DDB15618
[LOG] SystemI::createSoundInternal             :     filename = F:\FYP\FYP-Project-Folder\Idea1_FMOD\Build\Desktop/Master Bank.bank : mode 0a010082
[LOG] SystemI::createSoundInternal             :     exinfo->cbsize             = 232
[LOG] SystemI::createSoundInternal             :     exinfo->length             = 1512064
[LOG] SystemI::createSoundInternal             :     exinfo->fileoffset         = 26176
[LOG] SystemI::createSoundInternal             :     exinfo->numsubsounds       = 1
[LOG] SystemI::createSoundInternal             :     exinfo->inclusionlist      = 00000000DDFBA4B8
[LOG] SystemI::createSoundInternal             :     exinfo->inclusionlistnum   = 1
[LOG] SystemI::createSoundInternal             :     exinfo->suggestedsoundtype = 5
[LOG] SystemI::createSoundInternal             :     exinfo->initialseekpostype = 1
[LOG] SystemI::createSoundInternal             :     Format has 1 subsounds.
[LOG] SystemI::createSoundInternal             :     Create as FMOD_CREATESTREAM
[LOG] System::createSoundInternal              :     decode buffersize = 19200 : blocksize = 256 : format = 2
[LOG] SystemI::createSample                    :     mode 0a010082 length 19200 samples, lengthbytes 375936
[LOG] SystemI::createSample                    :     channels = 2
[LOG] SystemI::createSample                    :     output = 00000000DDFC4338
[LOG] OutputSoftware::createSample             :     lengthpcm 19200, lengthbytes 375936, channels 2, format 2, freq 48000, mode 0a01008a
[LOG] System::createSoundInternal              :     1 subsounds detected.
[LOG] System::createSoundInternal              :     Seek stream to start
[LOG] System::createSoundInternal              :     flush stream buffer
[LOG] System::createSoundInternal              :     flush successful.
[LOG] System::createSoundInternal              :     switch file handle from small blocking single buffered to large nonblocking doublebuffered.
[LOG] SystemI::createSoundInternal             :     done.  OpenState now = FMOD_OPENSTATE_READY.

[LOG] AsyncThread::threadFunc                  : Finished Asynchronous operation on sound 00000000DDB15618
[LOG] SoundI::getSubSound                      : sound 00000000DDB15618.  Subsound index 0 / 1
[LOG] SystemI::createSound                     : filename = F:\FYP\FYP-Project-Folder\Idea1_FMOD\Build\Desktop/Master Bank.bank : mode 0a010082
[LOG] SystemI::createSound                     : FMOD_NONBLOCKING specified.  Putting into queue to be opened asynchronously!
[LOG] SystemI::createSound                     : setdata soundi = 00000000DDB15958 : node = 00000000DE118C00
[LOG] SystemI::createSound                     : add node to async list : head = 0000000042CF8810.  list count = 0
[LOG] AsyncThread::threadFunc                  : Starting Asynchronous operation on sound 00000000DDB15958
[LOG] SystemI::createSoundInternal             :     filename = F:\FYP\FYP-Project-Folder\Idea1_FMOD\Build\Desktop/Master Bank.bank : mode 0a010082
[LOG] SystemI::createSoundInternal             :     exinfo->cbsize             = 232
[LOG] SystemI::createSoundInternal             :     exinfo->length             = 1512064
[LOG] SystemI::createSoundInternal             :     exinfo->fileoffset         = 26176
[LOG] SystemI::createSoundInternal             :     exinfo->numsubsounds       = 1
[LOG] SystemI::createSoundInternal             :     exinfo->inclusionlist      = 00000000DE118D18
[LOG] SystemI::createSoundInternal             :     exinfo->inclusionlistnum   = 1
[LOG] SystemI::createSoundInternal             :     exinfo->suggestedsoundtype = 5
[LOG] SystemI::createSoundInternal             :     exinfo->initialseekpostype = 1
[LOG] SystemI::createSoundInternal             :     Format has 1 subsounds.
[LOG] SystemI::createSoundInternal             :     Create as FMOD_CREATESTREAM
[LOG] System::createSoundInternal              :     decode buffersize = 19200 : blocksize = 256 : format = 2
[LOG] SystemI::createSample                    :     mode 0a010082 length 19200 samples, lengthbytes 429056
[LOG] SystemI::createSample                    :     channels = 2
[LOG] SystemI::createSample                    :     output = 00000000DDFC4338
[LOG] OutputSoftware::createSample             :     lengthpcm 19200, lengthbytes 429056, channels 2, format 2, freq 48000, mode 0a01008a
[LOG] System::createSoundInternal              :     1 subsounds detected.
[LOG] System::createSoundInternal              :     Seek stream to start
[LOG] System::createSoundInternal              :     flush stream buffer
[LOG] System::createSoundInternal              :     flush successful.
[LOG] System::createSoundInternal              :     switch file handle from small blocking single buffered to large nonblocking doublebuffered.
[LOG] SystemI::createSoundInternal             :     done.  OpenState now = FMOD_OPENSTATE_READY.

[LOG] AsyncThread::threadFunc                  : Finished Asynchronous operation on sound 00000000DDB15958
[LOG] SoundI::getSubSound                      : sound 00000000DDB15958.  Subsound index 0 / 1
[LOG] Manager::readBank                        : fileversion = 80, compatVersion = 70 (oldest = 44, newest = 74)
[LOG] SystemI::createSound                     : filename = F:\FYP\FYP-Project-Folder\Idea1_FMOD\Build\Desktop/Master Bank.bank : mode 0a010082
[LOG] SystemI::createSound                     : FMOD_NONBLOCKING specified.  Putting into queue to be opened asynchronously!
[LOG] SystemI::createSound                     : setdata soundi = 0000000042DB3D68 : node = 00000000DE118D50
[LOG] SystemI::createSound                     : add node to async list : head = 0000000042CF8810.  list count = 0
[LOG] AsyncThread::threadFunc                  : Starting Asynchronous operation on sound 0000000042DB3D68
[LOG] SystemI::createSoundInternal             :     filename = F:\FYP\FYP-Project-Folder\Idea1_FMOD\Build\Desktop/Master Bank.bank : mode 0a010082
[LOG] SystemI::createSoundInternal             :     exinfo->cbsize             = 232
[LOG] SystemI::createSoundInternal             :     exinfo->length             = 1512064
[LOG] SystemI::createSoundInternal             :     exinfo->fileoffset         = 26176
[LOG] SystemI::createSoundInternal             :     exinfo->numsubsounds       = 1
[LOG] SystemI::createSoundInternal             :     exinfo->inclusionlist      = 00000000DE118E68
[LOG] SystemI::createSoundInternal             :     exinfo->inclusionlistnum   = 1
[LOG] SystemI::createSoundInternal             :     exinfo->suggestedsoundtype = 5
[LOG] SystemI::createSoundInternal             :     exinfo->initialseekpostype = 1
[LOG] SystemI::createSoundInternal             :     Format has 1 subsounds.
[LOG] SystemI::createSoundInternal             :     Create as FMOD_CREATESTREAM
[LOG] System::createSoundInternal              :     decode buffersize = 19200 : blocksize = 256 : format = 2
[LOG] SystemI::createSample                    :     mode 0a010082 length 19200 samples, lengthbytes 375936
[LOG] SystemI::createSample                    :     channels = 2
[LOG] SystemI::createSample                    :     output = 00000000DDFC4338
[LOG] OutputSoftware::createSample             :     lengthpcm 19200, lengthbytes 375936, channels 2, format 2, freq 48000, mode 0a01008a
[LOG] System::createSoundInternal              :     1 subsounds detected.
[LOG] System::createSoundInternal              :     Seek stream to start
[LOG] System::createSoundInternal              :     flush stream buffer
[LOG] System::createSoundInternal              :     flush successful.
[LOG] System::createSoundInternal              :     switch file handle from small blocking single buffered to large nonblocking doublebuffered.
[LOG] SystemI::createSoundInternal             :     done.  OpenState now = FMOD_OPENSTATE_READY.

[LOG] AsyncThread::threadFunc                  : Finished Asynchronous operation on sound 0000000042DB3D68
[LOG] SoundI::getSubSound                      : sound 0000000042DB3D68.  Subsound index 0 / 1
[LOG] SystemI::createSound                     : filename = F:\FYP\FYP-Project-Folder\Idea1_FMOD\Build\Desktop/Master Bank.bank : mode 0a010082
[LOG] SystemI::createSound                     : FMOD_NONBLOCKING specified.  Putting into queue to be opened asynchronously!
[LOG] SystemI::createSound                     : setdata soundi = 0000000042DB40A8 : node = 00000000DE118180
[LOG] SystemI::createSound                     : add node to async list : head = 0000000042CF8810.  list count = 0
[LOG] AsyncThread::threadFunc                  : Starting Asynchronous operation on sound 0000000042DB40A8
[LOG] SystemI::createSoundInternal             :     filename = F:\FYP\FYP-Project-Folder\Idea1_FMOD\Build\Desktop/Master Bank.bank : mode 0a010082
[LOG] SystemI::createSoundInternal             :     exinfo->cbsize             = 232
[LOG] SystemI::createSoundInternal             :     exinfo->length             = 1512064
[LOG] SystemI::createSoundInternal             :     exinfo->fileoffset         = 26176
[LOG] SystemI::createSoundInternal             :     exinfo->numsubsounds       = 1
[LOG] SystemI::createSoundInternal             :     exinfo->inclusionlist      = 00000000DE118298
[LOG] SystemI::createSoundInternal             :     exinfo->inclusionlistnum   = 1
[LOG] SystemI::createSoundInternal             :     exinfo->suggestedsoundtype = 5
[LOG] SystemI::createSoundInternal             :     exinfo->initialseekpostype = 1
[LOG] SystemI::createSoundInternal             :     Format has 1 subsounds.
[LOG] SystemI::createSoundInternal             :     Create as FMOD_CREATESTREAM
[LOG] System::createSoundInternal              :     decode buffersize = 19200 : blocksize = 256 : format = 2
[LOG] SystemI::createSample                    :     mode 0a010082 length 19200 samples, lengthbytes 253056
[LOG] SystemI::createSample                    :     channels = 1
[LOG] SystemI::createSample                    :     output = 00000000DDFC4338
[LOG] OutputSoftware::createSample             :     lengthpcm 19200, lengthbytes 253056, channels 1, format 2, freq 48000, mode 0a01008a
[LOG] System::createSoundInternal              :     1 subsounds detected.
[LOG] System::createSoundInternal              :     Seek stream to start
[LOG] System::createSoundInternal              :     flush stream buffer
[LOG] System::createSoundInternal              :     flush successful.
[LOG] System::createSoundInternal              :     switch file handle from small blocking single buffered to large nonblocking doublebuffered.
[LOG] SystemI::createSoundInternal             :     done.  OpenState now = FMOD_OPENSTATE_READY.

[LOG] AsyncThread::threadFunc                  : Finished Asynchronous operation on sound 0000000042DB40A8
[LOG] SoundI::getSubSound                      : sound 0000000042DB40A8.  Subsound index 0 / 1
[LOG] SystemI::createSound                     : filename = F:\FYP\FYP-Project-Folder\Idea1_FMOD\Build\Desktop/Master Bank.bank : mode 0a010082
[LOG] SystemI::createSound                     : FMOD_NONBLOCKING specified.  Putting into queue to be opened asynchronously!
[LOG] SystemI::createSound                     : setdata soundi = 0000000042DB43E8 : node = 00000000DE118AB0
[LOG] SystemI::createSound                     : add node to async list : head = 0000000042CF8810.  list count = 0
[LOG] AsyncThread::threadFunc                  : Starting Asynchronous operation on sound 0000000042DB43E8
[LOG] SystemI::createSoundInternal             :     filename = F:\FYP\FYP-Project-Folder\Idea1_FMOD\Build\Desktop/Master Bank.bank : mode 0a010082
[LOG] SystemI::createSoundInternal             :     exinfo->cbsize             = 232
[LOG] SystemI::createSoundInternal             :     exinfo->length             = 1512064
[LOG] SystemI::createSoundInternal             :     exinfo->fileoffset         = 26176
[LOG] SystemI::createSoundInternal             :     exinfo->numsubsounds       = 1
[LOG] SystemI::createSoundInternal             :     exinfo->inclusionlist      = 00000000DE118BC8
[LOG] SystemI::createSoundInternal             :     exinfo->inclusionlistnum   = 1
[LOG] SystemI::createSoundInternal             :     exinfo->suggestedsoundtype = 5
[LOG] SystemI::createSoundInternal             :     exinfo->initialseekpostype = 1
[LOG] SystemI::createSoundInternal             :     Format has 1 subsounds.
[LOG] SystemI::createSoundInternal             :     Create as FMOD_CREATESTREAM
[LOG] System::createSoundInternal              :     decode buffersize = 19200 : blocksize = 256 : format = 2
[LOG] SystemI::createSample                    :     mode 0a010082 length 19200 samples, lengthbytes 375936
[LOG] SystemI::createSample                    :     channels = 2
[LOG] SystemI::createSample                    :     output = 00000000DDFC4338
[LOG] OutputSoftware::createSample             :     lengthpcm 19200, lengthbytes 375936, channels 2, format 2, freq 48000, mode 0a01008a
[LOG] System::createSoundInternal              :     1 subsounds detected.
[LOG] System::createSoundInternal              :     Seek stream to start
[LOG] System::createSoundInternal              :     flush stream buffer
[LOG] System::createSoundInternal              :     flush successful.
[LOG] System::createSoundInternal              :     switch file handle from small blocking single buffered to large nonblocking doublebuffered.
[LOG] SystemI::createSoundInternal             :     done.  OpenState now = FMOD_OPENSTATE_READY.

[LOG] AsyncThread::threadFunc                  : Finished Asynchronous operation on sound 0000000042DB43E8
[LOG] Manager::readBank                        : fileversion = 80, compatVersion = 70 (oldest = 44, newest = 74)
[LOG] SoundI::getSubSound                      : sound 0000000042DB43E8.  Subsound index 0 / 1
[LOG] SystemI::createSound                     : filename = F:\FYP\FYP-Project-Folder\Idea1_FMOD\Build\Desktop/Master Bank.bank : mode 0a010082
[LOG] SystemI::createSound                     : FMOD_NONBLOCKING specified.  Putting into queue to be opened asynchronously!
[LOG] SystemI::createSound                     : setdata soundi = 0000000042DB4728 : node = 0000000025496BD0
[LOG] SystemI::createSound                     : add node to async list : head = 0000000042CF8810.  list count = 0
[LOG] AsyncThread::threadFunc                  : Starting Asynchronous operation on sound 0000000042DB4728
[LOG] SystemI::createSoundInternal             :     filename = F:\FYP\FYP-Project-Folder\Idea1_FMOD\Build\Desktop/Master Bank.bank : mode 0a010082
[LOG] SystemI::createSoundInternal             :     exinfo->cbsize             = 232
[LOG] SystemI::createSoundInternal             :     exinfo->length             = 1512064
[LOG] SystemI::createSoundInternal             :     exinfo->fileoffset         = 26176
[LOG] SystemI::createSoundInternal             :     exinfo->numsubsounds       = 1
[LOG] SystemI::createSoundInternal             :     exinfo->inclusionlist      = 0000000025496CE8
[LOG] SystemI::createSoundInternal             :     exinfo->inclusionlistnum   = 1
[LOG] SystemI::createSoundInternal             :     exinfo->suggestedsoundtype = 5
[LOG] SystemI::createSoundInternal             :     exinfo->initialseekpostype = 1
[LOG] SystemI::createSoundInternal             :     Format has 1 subsounds.
[LOG] SystemI::createSoundInternal             :     Create as FMOD_CREATESTREAM
[LOG] System::createSoundInternal              :     decode buffersize = 19200 : blocksize = 256 : format = 2
[LOG] SystemI::createSample                    :     mode 0a010082 length 19200 samples, lengthbytes 375936
[LOG] SystemI::createSample                    :     channels = 2
[LOG] SystemI::createSample                    :     output = 00000000DDFC4338
[LOG] OutputSoftware::createSample             :     lengthpcm 19200, lengthbytes 375936, channels 2, format 2, freq 48000, mode 0a01008a
[LOG] System::createSoundInternal              :     1 subsounds detected.
[LOG] System::createSoundInternal              :     Seek stream to start
[LOG] System::createSoundInternal              :     flush stream buffer
[LOG] System::createSoundInternal              :     flush successful.
[LOG] System::createSoundInternal              :     switch file handle from small blocking single buffered to large nonblocking doublebuffered.
[LOG] SystemI::createSoundInternal             :     done.  OpenState now = FMOD_OPENSTATE_READY.

[LOG] AsyncThread::threadFunc                  : Finished Asynchronous operation on sound 0000000042DB4728
[LOG] SoundI::getSubSound                      : sound 0000000042DB4728.  Subsound index 0 / 1
[LOG] Manager::readBank                        : fileversion = 80, compatVersion = 70 (oldest = 44, newest = 74)
[LOG] SystemI::createSound                     : filename = F:\FYP\FYP-Project-Folder\Idea1_FMOD\Build\Desktop/Master Bank.bank : mode 0a010082
[LOG] SystemI::createSound                     : FMOD_NONBLOCKING specified.  Putting into queue to be opened asynchronously!
[LOG] SystemI::createSound                     : setdata soundi = 0000000042DB4A68 : node = 0000000025496D20
[LOG] SystemI::createSound                     : add node to async list : head = 0000000042CF8810.  list count = 0
[LOG] AsyncThread::threadFunc                  : Starting Asynchronous operation on sound 0000000042DB4A68
[LOG] SystemI::createSoundInternal             :     filename = F:\FYP\FYP-Project-Folder\Idea1_FMOD\Build\Desktop/Master Bank.bank : mode 0a010082
[LOG] SystemI::createSoundInternal             :     exinfo->cbsize             = 232
[LOG] SystemI::createSoundInternal             :     exinfo->length             = 1512064
[LOG] SystemI::createSoundInternal             :     exinfo->fileoffset         = 26176
[LOG] SystemI::createSoundInternal             :     exinfo->numsubsounds       = 1
[LOG] SystemI::createSoundInternal             :     exinfo->inclusionlist      = 0000000025496E38
[LOG] SystemI::createSoundInternal             :     exinfo->inclusionlistnum   = 1
[LOG] SystemI::createSoundInternal             :     exinfo->suggestedsoundtype = 5
[LOG] SystemI::createSoundInternal             :     exinfo->initialseekpostype = 1
[LOG] SystemI::createSoundInternal             :     Format has 1 subsounds.
[LOG] SystemI::createSoundInternal             :     Create as FMOD_CREATESTREAM
[LOG] System::createSoundInternal              :     decode buffersize = 19200 : blocksize = 256 : format = 2
[LOG] SystemI::createSample                    :     mode 0a010082 length 19200 samples, lengthbytes 375936
[LOG] SystemI::createSample                    :     channels = 2
[LOG] SystemI::createSample                    :     output = 00000000DDFC4338
[LOG] OutputSoftware::createSample             :     lengthpcm 19200, lengthbytes 375936, channels 2, format 2, freq 48000, mode 0a01008a
[LOG] System::createSoundInternal              :     1 subsounds detected.
[LOG] System::createSoundInternal              :     Seek stream to start
[LOG] System::createSoundInternal              :     flush stream buffer
[LOG] System::createSoundInternal              :     flush successful.
[LOG] System::createSoundInternal              :     switch file handle from small blocking single buffered to large nonblocking doublebuffered.
[LOG] SystemI::createSoundInternal             :     done.  OpenState now = FMOD_OPENSTATE_READY.

[LOG] AsyncThread::threadFunc                  : Finished Asynchronous operation on sound 0000000042DB4A68
[LOG] SoundI::getSubSound                      : sound 0000000042DB4A68.  Subsound index 0 / 1
[LOG] Manager::readBank                        : fileversion = 80, compatVersion = 70 (oldest = 44, newest = 74)
[LOG] SystemI::createSound                     : filename = F:\FYP\FYP-Project-Folder\Idea1_FMOD\Build\Desktop/Master Bank.bank : mode 0a010082
[LOG] SystemI::createSound                     : FMOD_NONBLOCKING specified.  Putting into queue to be opened asynchronously!
[LOG] SystemI::createSound                     : setdata soundi = 0000000042DB1F08 : node = 0000000025496E70
[LOG] SystemI::createSound                     : add node to async list : head = 0000000042CF8810.  list count = 0
[LOG] AsyncThread::threadFunc                  : Starting Asynchronous operation on sound 0000000042DB1F08
[LOG] SystemI::createSoundInternal             :     filename = F:\FYP\FYP-Project-Folder\Idea1_FMOD\Build\Desktop/Master Bank.bank : mode 0a010082
[LOG] SystemI::createSoundInternal             :     exinfo->cbsize             = 232
[LOG] SystemI::createSoundInternal             :     exinfo->length             = 1512064
[LOG] SystemI::createSoundInternal             :     exinfo->fileoffset         = 26176
[LOG] SystemI::createSoundInternal             :     exinfo->numsubsounds       = 1
[LOG] SystemI::createSoundInternal             :     exinfo->inclusionlist      = 0000000025496F88
[LOG] SystemI::createSoundInternal             :     exinfo->inclusionlistnum   = 1
[LOG] SystemI::createSoundInternal             :     exinfo->suggestedsoundtype = 5
[LOG] SystemI::createSoundInternal             :     exinfo->initialseekpostype = 1
[LOG] SystemI::createSoundInternal             :     Format has 1 subsounds.
[LOG] SystemI::createSoundInternal             :     Create as FMOD_CREATESTREAM
[LOG] System::createSoundInternal              :     decode buffersize = 19200 : blocksize = 256 : format = 2
[LOG] SystemI::createSample                    :     mode 0a010082 length 19200 samples, lengthbytes 375936
[LOG] SystemI::createSample                    :     channels = 2
[LOG] SystemI::createSample                    :     output = 00000000DDFC4338
[LOG] OutputSoftware::createSample             :     lengthpcm 19200, lengthbytes 375936, channels 2, format 2, freq 48000, mode 0a01008a
[LOG] System::createSoundInternal              :     1 subsounds detected.
[LOG] System::createSoundInternal              :     Seek stream to start
[LOG] System::createSoundInternal              :     flush stream buffer
[LOG] System::createSoundInternal              :     flush successful.
[LOG] System::createSoundInternal              :     switch file handle from small blocking single buffered to large nonblocking doublebuffered.
[LOG] SystemI::createSoundInternal             :     done.  OpenState now = FMOD_OPENSTATE_READY.

[LOG] AsyncThread::threadFunc                  : Finished Asynchronous operation on sound 0000000042DB1F08
[LOG] SoundI::getSubSound                      : sound 0000000042DB1F08.  Subsound index 0 / 1
[LOG] Manager::readBank                        : fileversion = 80, compatVersion = 70 (oldest = 44, newest = 74)
[LOG] SystemI::createSound                     : filename = F:\FYP\FYP-Project-Folder\Idea1_FMOD\Build\Desktop/Master Bank.bank : mode 0a010082
[LOG] SystemI::createSound                     : FMOD_NONBLOCKING specified.  Putting into queue to be opened asynchronously!
[LOG] SystemI::createSound                     : setdata soundi = 0000000042DB2248 : node = 0000000025496FC0
[LOG] SystemI::createSound                     : add node to async list : head = 0000000042CF8810.  list count = 0
[LOG] AsyncThread::threadFunc                  : Starting Asynchronous operation on sound 0000000042DB2248
[LOG] SystemI::createSoundInternal             :     filename = F:\FYP\FYP-Project-Folder\Idea1_FMOD\Build\Desktop/Master Bank.bank : mode 0a010082
[LOG] SystemI::createSoundInternal             :     exinfo->cbsize             = 232
[LOG] SystemI::createSoundInternal             :     exinfo->length             = 1512064
[LOG] SystemI::createSoundInternal             :     exinfo->fileoffset         = 26176
[LOG] SystemI::createSoundInternal             :     exinfo->numsubsounds       = 1
[LOG] SystemI::createSoundInternal             :     exinfo->inclusionlist      = 00000000254970D8
[LOG] SystemI::createSoundInternal             :     exinfo->inclusionlistnum   = 1
[LOG] SystemI::createSoundInternal             :     exinfo->suggestedsoundtype = 5
[LOG] SystemI::createSoundInternal             :     exinfo->initialseekpostype = 1
[LOG] SystemI::createSoundInternal             :     Format has 1 subsounds.
[LOG] SystemI::createSoundInternal             :     Create as FMOD_CREATESTREAM
[LOG] System::createSoundInternal              :     decode buffersize = 19200 : blocksize = 256 : format = 2
[LOG] SystemI::createSample                    :     mode 0a010082 length 19200 samples, lengthbytes 253056
[LOG] SystemI::createSample                    :     channels = 1
[LOG] SystemI::createSample                    :     output = 00000000DDFC4338
[LOG] OutputSoftware::createSample             :     lengthpcm 19200, lengthbytes 253056, channels 1, format 2, freq 48000, mode 0a01008a
[LOG] System::createSoundInternal              :     1 subsounds detected.
[LOG] System::createSoundInternal              :     Seek stream to start
[LOG] System::createSoundInternal              :     flush stream buffer
[LOG] System::createSoundInternal              :     flush successful.
[LOG] System::createSoundInternal              :     switch file handle from small blocking single buffered to large nonblocking doublebuffered.
[LOG] SystemI::createSoundInternal             :     done.  OpenState now = FMOD_OPENSTATE_READY.

[LOG] AsyncThread::threadFunc                  : Finished Asynchronous operation on sound 0000000042DB2248
[LOG] SoundI::getSubSound                      : sound 0000000042DB2248.  Subsound index 0 / 1
[LOG] SystemI::createSound                     : filename = F:\FYP\FYP-Project-Folder\Idea1_FMOD\Build\Desktop/Master Bank.bank : mode 0a010082
[LOG] SystemI::createSound                     : FMOD_NONBLOCKING specified.  Putting into queue to be opened asynchronously!
[LOG] SystemI::createSound                     : setdata soundi = 0000000042DB2588 : node = 0000000025497110
[LOG] SystemI::createSound                     : add node to async list : head = 0000000042CF8810.  list count = 0
[LOG] AsyncThread::threadFunc                  : Starting Asynchronous operation on sound 0000000042DB2588
[LOG] SystemI::createSoundInternal             :     filename = F:\FYP\FYP-Project-Folder\Idea1_FMOD\Build\Desktop/Master Bank.bank : mode 0a010082
[LOG] SystemI::createSoundInternal             :     exinfo->cbsize             = 232
[LOG] SystemI::createSoundInternal             :     exinfo->length             = 1512064
[LOG] SystemI::createSoundInternal             :     exinfo->fileoffset         = 26176
[LOG] SystemI::createSoundInternal             :     exinfo->numsubsounds       = 1
[LOG] SystemI::createSoundInternal             :     exinfo->inclusionlist      = 0000000025497228
[LOG] SystemI::createSoundInternal             :     exinfo->inclusionlistnum   = 1
[LOG] SystemI::createSoundInternal             :     exinfo->suggestedsoundtype = 5
[LOG] SystemI::createSoundInternal             :     exinfo->initialseekpostype = 1
[LOG] SystemI::createSoundInternal             :     Format has 1 subsounds.
[LOG] SystemI::createSoundInternal             :     Create as FMOD_CREATESTREAM
[LOG] System::createSoundInternal              :     decode buffersize = 19200 : blocksize = 256 : format = 2
[LOG] SystemI::createSample                    :     mode 0a010082 length 19200 samples, lengthbytes 375936
[LOG] SystemI::createSample                    :     channels = 2
[LOG] SystemI::createSample                    :     output = 00000000DDFC4338
[LOG] OutputSoftware::createSample             :     lengthpcm 19200, lengthbytes 375936, channels 2, format 2, freq 48000, mode 0a01008a
[LOG] System::createSoundInternal              :     1 subsounds detected.
[LOG] System::createSoundInternal              :     Seek stream to start
[LOG] System::createSoundInternal              :     flush stream buffer
[LOG] System::createSoundInternal              :     flush successful.
[LOG] System::createSoundInternal              :     switch file handle from small blocking single buffered to large nonblocking doublebuffered.
[LOG] SystemI::createSoundInternal             :     done.  OpenState now = FMOD_OPENSTATE_READY.

[LOG] AsyncThread::threadFunc                  : Finished Asynchronous operation on sound 0000000042DB2588
[LOG] SoundI::getSubSound                      : sound 0000000042DB2588.  Subsound index 0 / 1
[LOG] Manager::readBank                        : fileversion = 80, compatVersion = 70 (oldest = 44, newest = 74)
[LOG] SystemI::createSound                     : filename = F:\FYP\FYP-Project-Folder\Idea1_FMOD\Build\Desktop/Master Bank.bank : mode 0a010082
[LOG] SystemI::createSound                     : FMOD_NONBLOCKING specified.  Putting into queue to be opened asynchronously!
[LOG] SystemI::createSound                     : setdata soundi = 0000000042DB28C8 : node = 0000000025497260
[LOG] SystemI::createSound                     : add node to async list : head = 0000000042CF8810.  list count = 0
[LOG] AsyncThread::threadFunc                  : Starting Asynchronous operation on sound 0000000042DB28C8
[LOG] SystemI::createSoundInternal             :     filename = F:\FYP\FYP-Project-Folder\Idea1_FMOD\Build\Desktop/Master Bank.bank : mode 0a010082
[LOG] SystemI::createSoundInternal             :     exinfo->cbsize             = 232
[LOG] SystemI::createSoundInternal             :     exinfo->length             = 1512064
[LOG] SystemI::createSoundInternal             :     exinfo->fileoffset         = 26176
[LOG] SystemI::createSoundInternal             :     exinfo->numsubsounds       = 1
[LOG] SystemI::createSoundInternal             :     exinfo->inclusionlist      = 0000000025497378
[LOG] SystemI::createSoundInternal             :     exinfo->inclusionlistnum   = 1
[LOG] SystemI::createSoundInternal             :     exinfo->suggestedsoundtype = 5
[LOG] SystemI::createSoundInternal             :     exinfo->initialseekpostype = 1
[LOG] SystemI::createSoundInternal             :     Format has 1 subsounds.
[LOG] SystemI::createSoundInternal             :     Create as FMOD_CREATESTREAM
[LOG] System::createSoundInternal              :     decode buffersize = 19200 : blocksize = 256 : format = 2
[LOG] SystemI::createSample                    :     mode 0a010082 length 19200 samples, lengthbytes 375936
[LOG] SystemI::createSample                    :     channels = 2
[LOG] SystemI::createSample                    :     output = 00000000DDFC4338
[LOG] OutputSoftware::createSample             :     lengthpcm 19200, lengthbytes 375936, channels 2, format 2, freq 48000, mode 0a01008a
[LOG] System::createSoundInternal              :     1 subsounds detected.
[LOG] System::createSoundInternal              :     Seek stream to start
[LOG] System::createSoundInternal              :     flush stream buffer
[LOG] System::createSoundInternal              :     flush successful.
[LOG] System::createSoundInternal              :     switch file handle from small blocking single buffered to large nonblocking doublebuffered.
[LOG] SystemI::createSoundInternal             :     done.  OpenState now = FMOD_OPENSTATE_READY.

[LOG] AsyncThread::threadFunc                  : Finished Asynchronous operation on sound 0000000042DB28C8
[LOG] SoundI::getSubSound                      : sound 0000000042DB28C8.  Subsound index 0 / 1
[LOG] SystemI::createSound                     : filename = F:\FYP\FYP-Project-Folder\Idea1_FMOD\Build\Desktop/Master Bank.bank : mode 0a010082
[LOG] SystemI::createSound                     : FMOD_NONBLOCKING specified.  Putting into queue to be opened asynchronously!
[LOG] SystemI::createSound                     : setdata soundi = 0000000025C8BC08 : node = 00000000254973B0
[LOG] SystemI::createSound                     : add node to async list : head = 0000000042CF8810.  list count = 0
[LOG] AsyncThread::threadFunc                  : Starting Asynchronous operation on sound 0000000025C8BC08
[LOG] SystemI::createSoundInternal             :     filename = F:\FYP\FYP-Project-Folder\Idea1_FMOD\Build\Desktop/Master Bank.bank : mode 0a010082
[LOG] SystemI::createSoundInternal             :     exinfo->cbsize             = 232
[LOG] SystemI::createSoundInternal             :     exinfo->length             = 1512064
[LOG] SystemI::createSoundInternal             :     exinfo->fileoffset         = 26176
[LOG] SystemI::createSoundInternal             :     exinfo->numsubsounds       = 1
[LOG] SystemI::createSoundInternal             :     exinfo->inclusionlist      = 00000000254974C8
[LOG] SystemI::createSoundInternal             :     exinfo->inclusionlistnum   = 1
[LOG] SystemI::createSoundInternal             :     exinfo->suggestedsoundtype = 5
[LOG] SystemI::createSoundInternal             :     exinfo->initialseekpostype = 1
[LOG] SystemI::createSoundInternal             :     Format has 1 subsounds.
[LOG] SystemI::createSoundInternal             :     Create as FMOD_CREATESTREAM
[LOG] System::createSoundInternal              :     decode buffersize = 19200 : blocksize = 256 : format = 2
[LOG] SystemI::createSample                    :     mode 0a010082 length 19200 samples, lengthbytes 429056
[LOG] SystemI::createSample                    :     channels = 2
[LOG] SystemI::createSample                    :     output = 00000000DDFC4338
[LOG] OutputSoftware::createSample             :     lengthpcm 19200, lengthbytes 429056, channels 2, format 2, freq 48000, mode 0a01008a
[LOG] System::createSoundInternal              :     1 subsounds detected.
[LOG] System::createSoundInternal              :     Seek stream to start
[LOG] System::createSoundInternal              :     flush stream buffer
[LOG] System::createSoundInternal              :     flush successful.
[LOG] System::createSoundInternal              :     switch file handle from small blocking single buffered to large nonblocking doublebuffered.
[LOG] SystemI::createSoundInternal             :     done.  OpenState now = FMOD_OPENSTATE_READY.

[LOG] AsyncThread::threadFunc                  : Finished Asynchronous operation on sound 0000000025C8BC08
[LOG] SoundI::getSubSound                      : sound 0000000025C8BC08.  Subsound index 0 / 1
[LOG] SystemI::createSound                     : filename = F:\FYP\FYP-Project-Folder\Idea1_FMOD\Build\Desktop/Master Bank.bank : mode 0a010082
[LOG] SystemI::createSound                     : FMOD_NONBLOCKING specified.  Putting into queue to be opened asynchronously!
[LOG] SystemI::createSound                     : setdata soundi = 0000000025C8BF48 : node = 0000000025497500
[LOG] SystemI::createSound                     : add node to async list : head = 0000000042CF8810.  list count = 0
[LOG] AsyncThread::threadFunc                  : Starting Asynchronous operation on sound 0000000025C8BF48
[LOG] SystemI::createSoundInternal             :     filename = F:\FYP\FYP-Project-Folder\Idea1_FMOD\Build\Desktop/Master Bank.bank : mode 0a010082
[LOG] SystemI::createSoundInternal             :     exinfo->cbsize             = 232
[LOG] SystemI::createSoundInternal             :     exinfo->length             = 1512064
[LOG] SystemI::createSoundInternal             :     exinfo->fileoffset         = 26176
[LOG] SystemI::createSoundInternal             :     exinfo->numsubsounds       = 1
[LOG] SystemI::createSoundInternal             :     exinfo->inclusionlist      = 0000000025497618
[LOG] SystemI::createSoundInternal             :     exinfo->inclusionlistnum   = 1
[LOG] SystemI::createSoundInternal             :     exinfo->suggestedsoundtype = 5
[LOG] SystemI::createSoundInternal             :     exinfo->initialseekpostype = 1
[LOG] SystemI::createSoundInternal             :     Format has 1 subsounds.
[LOG] SystemI::createSoundInternal             :     Create as FMOD_CREATESTREAM
[LOG] System::createSoundInternal              :     decode buffersize = 19200 : blocksize = 256 : format = 2
[LOG] SystemI::createSample                    :     mode 0a010082 length 19200 samples, lengthbytes 375936
[LOG] SystemI::createSample                    :     channels = 2
[LOG] SystemI::createSample                    :     output = 00000000DDFC4338
[LOG] OutputSoftware::createSample             :     lengthpcm 19200, lengthbytes 375936, channels 2, format 2, freq 48000, mode 0a01008a
[LOG] System::createSoundInternal              :     1 subsounds detected.
[LOG] System::createSoundInternal              :     Seek stream to start
[LOG] System::createSoundInternal              :     flush stream buffer
[LOG] System::createSoundInternal              :     flush successful.
[LOG] System::createSoundInternal              :     switch file handle from small blocking single buffered to large nonblocking doublebuffered.
[LOG] SystemI::createSoundInternal             :     done.  OpenState now = FMOD_OPENSTATE_READY.

[LOG] AsyncThread::threadFunc                  : Finished Asynchronous operation on sound 0000000025C8BF48
[LOG] SoundI::getSubSound                      : sound 0000000025C8BF48.  Subsound index 0 / 1
[LOG] Manager::readBank                        : fileversion = 80, compatVersion = 70 (oldest = 44, newest = 74)
[LOG] SystemI::createSound                     : filename = F:\FYP\FYP-Project-Folder\Idea1_FMOD\Build\Desktop/Master Bank.bank : mode 0a010082
[LOG] SystemI::createSound                     : FMOD_NONBLOCKING specified.  Putting into queue to be opened asynchronously!
[LOG] SystemI::createSound                     : setdata soundi = 0000000025C8C288 : node = 0000000025497650
[LOG] SystemI::createSound                     : add node to async list : head = 0000000042CF8810.  list count = 0
[LOG] AsyncThread::threadFunc                  : Starting Asynchronous operation on sound 0000000025C8C288
[LOG] SystemI::createSoundInternal             :     filename = F:\FYP\FYP-Project-Folder\Idea1_FMOD\Build\Desktop/Master Bank.bank : mode 0a010082
[LOG] SystemI::createSoundInternal             :     exinfo->cbsize             = 232
[LOG] SystemI::createSoundInternal             :     exinfo->length             = 1512064
[LOG] SystemI::createSoundInternal             :     exinfo->fileoffset         = 26176
[LOG] SystemI::createSoundInternal             :     exinfo->numsubsounds       = 1
[LOG] SystemI::createSoundInternal             :     exinfo->inclusionlist      = 0000000025497768
[LOG] SystemI::createSoundInternal             :     exinfo->inclusionlistnum   = 1
[LOG] SystemI::createSoundInternal             :     exinfo->suggestedsoundtype = 5
[LOG] SystemI::createSoundInternal             :     exinfo->initialseekpostype = 1
[LOG] SystemI::createSoundInternal             :     Format has 1 subsounds.
[LOG] SystemI::createSoundInternal             :     Create as FMOD_CREATESTREAM
[LOG] System::createSoundInternal              :     decode buffersize = 19200 : blocksize = 256 : format = 2
[LOG] SystemI::createSample                    :     mode 0a010082 length 19200 samples, lengthbytes 375936
[LOG] SystemI::createSample                    :     channels = 2
[LOG] SystemI::createSample                    :     output = 00000000DDFC4338
[LOG] OutputSoftware::createSample             :     lengthpcm 19200, lengthbytes 375936, channels 2, format 2, freq 48000, mode 0a01008a
[LOG] System::createSoundInternal              :     1 subsounds detected.
[LOG] System::createSoundInternal              :     Seek stream to start
[LOG] System::createSoundInternal              :     flush stream buffer
[LOG] System::createSoundInternal              :     flush successful.
[LOG] System::createSoundInternal              :     switch file handle from small blocking single buffered to large nonblocking doublebuffered.
[LOG] SystemI::createSoundInternal             :     done.  OpenState now = FMOD_OPENSTATE_READY.

[LOG] AsyncThread::threadFunc                  : Finished Asynchronous operation on sound 0000000025C8C288
[LOG] SoundI::getSubSound                      : sound 0000000025C8C288.  Subsound index 0 / 1
[LOG] SystemI::createSound                     : filename = F:\FYP\FYP-Project-Folder\Idea1_FMOD\Build\Desktop/Master Bank.bank : mode 0a010082
[LOG] SystemI::createSound                     : FMOD_NONBLOCKING specified.  Putting into queue to be opened asynchronously!
[LOG] SystemI::createSound                     : setdata soundi = 0000000025C8C5C8 : node = 00000000254977A0
[LOG] SystemI::createSound                     : add node to async list : head = 0000000042CF8810.  list count = 0
[LOG] AsyncThread::threadFunc                  : Starting Asynchronous operation on sound 0000000025C8C5C8
[LOG] SystemI::createSoundInternal             :     filename = F:\FYP\FYP-Project-Folder\Idea1_FMOD\Build\Desktop/Master Bank.bank : mode 0a010082
[LOG] SystemI::createSoundInternal             :     exinfo->cbsize             = 232
[LOG] SystemI::createSoundInternal             :     exinfo->length             = 1512064
[LOG] SystemI::createSoundInternal             :     exinfo->fileoffset         = 26176
[LOG] SystemI::createSoundInternal             :     exinfo->numsubsounds       = 1
[LOG] SystemI::createSoundInternal             :     exinfo->inclusionlist      = 00000000254978B8
[LOG] SystemI::createSoundInternal             :     exinfo->inclusionlistnum   = 1
[LOG] SystemI::createSoundInternal             :     exinfo->suggestedsoundtype = 5
[LOG] SystemI::createSoundInternal             :     exinfo->initialseekpostype = 1
[LOG] SystemI::createSoundInternal             :     Format has 1 subsounds.
[LOG] SystemI::createSoundInternal             :     Create as FMOD_CREATESTREAM
[LOG] System::createSoundInternal              :     decode buffersize = 19200 : blocksize = 256 : format = 2
[LOG] SystemI::createSample                    :     mode 0a010082 length 19200 samples, lengthbytes 375936
[LOG] SystemI::createSample                    :     channels = 2
[LOG] SystemI::createSample                    :     output = 00000000DDFC4338
[LOG] OutputSoftware::createSample             :     lengthpcm 19200, lengthbytes 375936, channels 2, format 2, freq 48000, mode 0a01008a
[LOG] System::createSoundInternal              :     1 subsounds detected.
[LOG] System::createSoundInternal              :     Seek stream to start
[LOG] System::createSoundInternal              :     flush stream buffer
[LOG] System::createSoundInternal              :     flush successful.
[LOG] System::createSoundInternal              :     switch file handle from small blocking single buffered to large nonblocking doublebuffered.
[LOG] SystemI::createSoundInternal             :     done.  OpenState now = FMOD_OPENSTATE_READY.

[LOG] AsyncThread::threadFunc                  : Finished Asynchronous operation on sound 0000000025C8C5C8
[LOG] SoundI::getSubSound                      : sound 0000000025C8C5C8.  Subsound index 0 / 1
[LOG] Manager::readBank                        : fileversion = 80, compatVersion = 70 (oldest = 44, newest = 74)
[LOG] SystemI::createSound                     : filename = F:\FYP\FYP-Project-Folder\Idea1_FMOD\Build\Desktop/Master Bank.bank : mode 0a010082
[LOG] SystemI::createSound                     : FMOD_NONBLOCKING specified.  Putting into queue to be opened asynchronously!
[LOG] SystemI::createSound                     : setdata soundi = 0000000025C8C908 : node = 00000000254978F0
[LOG] SystemI::createSound                     : add node to async list : head = 0000000042CF8810.  list count = 0
[LOG] AsyncThread::threadFunc                  : Starting Asynchronous operation on sound 0000000025C8C908
[LOG] SystemI::createSoundInternal             :     filename = F:\FYP\FYP-Project-Folder\Idea1_FMOD\Build\Desktop/Master Bank.bank : mode 0a010082
[LOG] SystemI::createSoundInternal             :     exinfo->cbsize             = 232
[LOG] SystemI::createSoundInternal             :     exinfo->length             = 1512064
[LOG] SystemI::createSoundInternal             :     exinfo->fileoffset         = 26176
[LOG] SystemI::createSoundInternal             :     exinfo->numsubsounds       = 1
[LOG] SystemI::createSoundInternal             :     exinfo->inclusionlist      = 0000000025497A08
[LOG] SystemI::createSoundInternal             :     exinfo->inclusionlistnum   = 1
[LOG] SystemI::createSoundInternal             :     exinfo->suggestedsoundtype = 5
[LOG] SystemI::createSoundInternal             :     exinfo->initialseekpostype = 1
[LOG] SystemI::createSoundInternal             :     Format has 1 subsounds.
[LOG] SystemI::createSoundInternal             :     Create as FMOD_CREATESTREAM
[LOG] System::createSoundInternal              :     decode buffersize = 19200 : blocksize = 256 : format = 2
[LOG] SystemI::createSample                    :     mode 0a010082 length 19200 samples, lengthbytes 253056
[LOG] SystemI::createSample                    :     channels = 1
[LOG] SystemI::createSample                    :     output = 00000000DDFC4338
[LOG] OutputSoftware::createSample             :     lengthpcm 19200, lengthbytes 253056, channels 1, format 2, freq 48000, mode 0a01008a
[LOG] System::createSoundInternal              :     1 subsounds detected.
[LOG] System::createSoundInternal              :     Seek stream to start
[LOG] System::createSoundInternal              :     flush stream buffer
[LOG] System::createSoundInternal              :     flush successful.
[LOG] System::createSoundInternal              :     switch file handle from small blocking single buffered to large nonblocking doublebuffered.
[LOG] SystemI::createSoundInternal             :     done.  OpenState now = FMOD_OPENSTATE_READY.

[LOG] AsyncThread::threadFunc                  : Finished Asynchronous operation on sound 0000000025C8C908
[LOG] SoundI::getSubSound                      : sound 0000000025C8C908.  Subsound index 0 / 1
[LOG] SystemI::createSound                     : filename = F:\FYP\FYP-Project-Folder\Idea1_FMOD\Build\Desktop/Master Bank.bank : mode 0a010082
[LOG] SystemI::createSound                     : FMOD_NONBLOCKING specified.  Putting into queue to be opened asynchronously!
[LOG] SystemI::createSound                     : setdata soundi = 0000000025006DA8 : node = 0000000025497A40
[LOG] SystemI::createSound                     : add node to async list : head = 0000000042CF8810.  list count = 0
[LOG] AsyncThread::threadFunc                  : Starting Asynchronous operation on sound 0000000025006DA8
[LOG] SystemI::createSoundInternal             :     filename = F:\FYP\FYP-Project-Folder\Idea1_FMOD\Build\Desktop/Master Bank.bank : mode 0a010082
[LOG] SystemI::createSoundInternal             :     exinfo->cbsize             = 232
[LOG] SystemI::createSoundInternal             :     exinfo->length             = 1512064
[LOG] SystemI::createSoundInternal             :     exinfo->fileoffset         = 26176
[LOG] SystemI::createSoundInternal             :     exinfo->numsubsounds       = 1
[LOG] SystemI::createSoundInternal             :     exinfo->inclusionlist      = 0000000025497B58
[LOG] SystemI::createSoundInternal             :     exinfo->inclusionlistnum   = 1
[LOG] SystemI::createSoundInternal             :     exinfo->suggestedsoundtype = 5
[LOG] SystemI::createSoundInternal             :     exinfo->initialseekpostype = 1
[LOG] SystemI::createSoundInternal             :     Format has 1 subsounds.
[LOG] SystemI::createSoundInternal             :     Create as FMOD_CREATESTREAM
[LOG] System::createSoundInternal              :     decode buffersize = 19200 : blocksize = 256 : format = 2
[LOG] SystemI::createSample                    :     mode 0a010082 length 19200 samples, lengthbytes 375936
[LOG] SystemI::createSample                    :     channels = 2
[LOG] SystemI::createSample                    :     output = 00000000DDFC4338
[LOG] OutputSoftware::createSample             :     lengthpcm 19200, lengthbytes 375936, channels 2, format 2, freq 48000, mode 0a01008a
[LOG] System::createSoundInternal              :     1 subsounds detected.
[LOG] System::createSoundInternal              :     Seek stream to start
[LOG] System::createSoundInternal              :     flush stream buffer
[LOG] System::createSoundInternal              :     flush successful.
[LOG] System::createSoundInternal              :     switch file handle from small blocking single buffered to large nonblocking doublebuffered.
[LOG] SystemI::createSoundInternal             :     done.  OpenState now = FMOD_OPENSTATE_READY.

[LOG] AsyncThread::threadFunc                  : Finished Asynchronous operation on sound 0000000025006DA8
[LOG] SoundI::getSubSound                      : sound 0000000025006DA8.  Subsound index 0 / 1
[LOG] SoundI::release                          : (null) (0000000042E3ECC8)
[LOG] SoundI::release                          : remove stream samples. (0000000042E3ECC8)
[LOG] SoundI::release                          :     (null) (00000000DE785368)
[LOG] SoundI::release                          : release subsounds. (0000000042E3ECC8)
[LOG] SoundI::release                          :     (null) (0000000042E3F1A8)
[LOG] SoundI::release                          : release codec. (0000000042E3ECC8)
[LOG] Manager::readBank                        : fileversion = 80, compatVersion = 70 (oldest = 44, newest = 74)
[LOG] SystemI::createSound                     : filename = F:\FYP\FYP-Project-Folder\Idea1_FMOD\Build\Desktop/Master Bank.bank : mode 0a010082
[LOG] SystemI::createSound                     : FMOD_NONBLOCKING specified.  Putting into queue to be opened asynchronously!
[LOG] SystemI::createSound                     : setdata soundi = 0000000042E3ECC8 : node = 00000000DDFBA640
[LOG] SystemI::createSound                     : add node to async list : head = 0000000042CF8810.  list count = 0
[LOG] AsyncThread::threadFunc                  : Starting Asynchronous operation on sound 0000000042E3ECC8
[LOG] SystemI::createSoundInternal             :     filename = F:\FYP\FYP-Project-Folder\Idea1_FMOD\Build\Desktop/Master Bank.bank : mode 0a010082
[LOG] SystemI::createSoundInternal             :     exinfo->cbsize             = 232
[LOG] SystemI::createSoundInternal             :     exinfo->length             = 1512064
[LOG] SystemI::createSoundInternal             :     exinfo->fileoffset         = 26176
[LOG] SystemI::createSoundInternal             :     exinfo->numsubsounds       = 1
[LOG] SystemI::createSoundInternal             :     exinfo->inclusionlist      = 00000000DDFBA758
[LOG] SystemI::createSoundInternal             :     exinfo->inclusionlistnum   = 1
[LOG] SystemI::createSoundInternal             :     exinfo->suggestedsoundtype = 5
[LOG] SystemI::createSoundInternal             :     exinfo->initialseekpostype = 1
[LOG] SystemI::createSoundInternal             :     Format has 1 subsounds.
[LOG] SystemI::createSoundInternal             :     Create as FMOD_CREATESTREAM
[LOG] System::createSoundInternal              :     decode buffersize = 19200 : blocksize = 256 : format = 2
[LOG] SystemI::createSample                    :     mode 0a010082 length 19200 samples, lengthbytes 375936
[LOG] SystemI::createSample                    :     channels = 2
[LOG] SystemI::createSample                    :     output = 00000000DDFC4338
[LOG] OutputSoftware::createSample             :     lengthpcm 19200, lengthbytes 375936, channels 2, format 2, freq 48000, mode 0a01008a
[LOG] System::createSoundInternal              :     1 subsounds detected.
[LOG] System::createSoundInternal              :     Seek stream to start
[LOG] System::createSoundInternal              :     flush stream buffer
[LOG] System::createSoundInternal              :     flush successful.
[LOG] System::createSoundInternal              :     switch file handle from small blocking single buffered to large nonblocking doublebuffered.
[LOG] SystemI::createSoundInternal             :     done.  OpenState now = FMOD_OPENSTATE_READY.

[LOG] AsyncThread::threadFunc                  : Finished Asynchronous operation on sound 0000000042E3ECC8
[LOG] SoundI::getSubSound                      : sound 0000000042E3ECC8.  Subsound index 0 / 1
[LOG] SoundI::release                          : (null) (0000000042E3F4E8)
[LOG] SoundI::release                          : remove stream samples. (0000000042E3F4E8)
[LOG] SoundI::release                          :     (null) (00000000255650E8)
[LOG] SoundI::release                          : release subsounds. (0000000042E3F4E8)
[LOG] SoundI::release                          :     (null) (0000000042E3F688)
[LOG] SoundI::release                          : release codec. (0000000042E3F4E8)
[LOG] SystemI::createSound                     : filename = F:\FYP\FYP-Project-Folder\Idea1_FMOD\Build\Desktop/Master Bank.bank : mode 0a010082
[LOG] SystemI::createSound                     : FMOD_NONBLOCKING specified.  Putting into queue to be opened asynchronously!
[LOG] SystemI::createSound                     : setdata soundi = 000000004318F4A8 : node = 00000000E898A120
[LOG] SystemI::createSound                     : add node to async list : head = 0000000042CF8810.  list count = 0
[LOG] AsyncThread::threadFunc                  : Starting Asynchronous operation on sound 000000004318F4A8
[LOG] SystemI::createSoundInternal             :     filename = F:\FYP\FYP-Project-Folder\Idea1_FMOD\Build\Desktop/Master Bank.bank : mode 0a010082
[LOG] SystemI::createSoundInternal             :     exinfo->cbsize             = 232
[LOG] SystemI::createSoundInternal             :     exinfo->length             = 1512064
[LOG] SystemI::createSoundInternal             :     exinfo->fileoffset         = 26176
[LOG] SystemI::createSoundInternal             :     exinfo->numsubsounds       = 1
[LOG] SystemI::createSoundInternal             :     exinfo->inclusionlist      = 00000000E898A238
[LOG] SystemI::createSoundInternal             :     exinfo->inclusionlistnum   = 1
[LOG] SystemI::createSoundInternal             :     exinfo->suggestedsoundtype = 5
[LOG] SystemI::createSoundInternal             :     exinfo->initialseekpostype = 1
[LOG] SystemI::createSoundInternal             :     Format has 1 subsounds.
[LOG] SystemI::createSoundInternal             :     Create as FMOD_CREATESTREAM
[LOG] System::createSoundInternal              :     decode buffersize = 19200 : blocksize = 256 : format = 2
[LOG] SystemI::createSample                    :     mode 0a010082 length 19200 samples, lengthbytes 375936
[LOG] SystemI::createSample                    :     channels = 2
[LOG] SystemI::createSample                    :     output = 00000000DDFC4338
[LOG] OutputSoftware::createSample             :     lengthpcm 19200, lengthbytes 375936, channels 2, format 2, freq 48000, mode 0a01008a
[LOG] System::createSoundInternal              :     1 subsounds detected.
[LOG] System::createSoundInternal              :     Seek stream to start
[LOG] System::createSoundInternal              :     flush stream buffer
[LOG] System::createSoundInternal              :     flush successful.
[LOG] System::createSoundInternal              :     switch file handle from small blocking single buffered to large nonblocking doublebuffered.
[LOG] SystemI::createSoundInternal             :     done.  OpenState now = FMOD_OPENSTATE_READY.

[LOG] AsyncThread::threadFunc                  : Finished Asynchronous operation on sound 000000004318F4A8
[LOG] SoundI::getSubSound                      : sound 000000004318F4A8.  Subsound index 0 / 1
[LOG] SoundI::release                          : (null) (0000000042E3F828)
[LOG] SoundI::release                          : remove stream samples. (0000000042E3F828)
[LOG] SoundI::release                          :     (null) (000000004265BBF8)
[LOG] SoundI::release                          : release subsounds. (0000000042E3F828)
[LOG] SoundI::release                          :     (null) (00000000DDB14DF8)
[LOG] SoundI::release                          : release codec. (0000000042E3F828)
[LOG] SystemI::createSound                     : filename = F:\FYP\FYP-Project-Folder\Idea1_FMOD\Build\Desktop/Master Bank.bank : mode 0a010082
[LOG] SystemI::createSound                     : FMOD_NONBLOCKING specified.  Putting into queue to be opened asynchronously!
[LOG] SystemI::createSound                     : setdata soundi = 0000000042E3F828 : node = 00000000DDFBA100
[LOG] SystemI::createSound                     : add node to async list : head = 0000000042CF8810.  list count = 0
[LOG] AsyncThread::threadFunc                  : Starting Asynchronous operation on sound 0000000042E3F828
[LOG] SystemI::createSoundInternal             :     filename = F:\FYP\FYP-Project-Folder\Idea1_FMOD\Build\Desktop/Master Bank.bank : mode 0a010082
[LOG] SystemI::createSoundInternal             :     exinfo->cbsize             = 232
[LOG] SystemI::createSoundInternal             :     exinfo->length             = 1512064
[LOG] SystemI::createSoundInternal             :     exinfo->fileoffset         = 26176
[LOG] SystemI::createSoundInternal             :     exinfo->numsubsounds       = 1
[LOG] SystemI::createSoundInternal             :     exinfo->inclusionlist      = 00000000DDFBA218
[LOG] SystemI::createSoundInternal             :     exinfo->inclusionlistnum   = 1
[LOG] SystemI::createSoundInternal             :     exinfo->suggestedsoundtype = 5
[LOG] SystemI::createSoundInternal             :     exinfo->initialseekpostype = 1
[LOG] SystemI::createSoundInternal             :     Format has 1 subsounds.
[LOG] SystemI::createSoundInternal             :     Create as FMOD_CREATESTREAM
[LOG] System::createSoundInternal              :     decode buffersize = 19200 : blocksize = 256 : format = 2
[LOG] SystemI::createSample                    :     mode 0a010082 length 19200 samples, lengthbytes 375936
[LOG] SystemI::createSample                    :     channels = 2
[LOG] SystemI::createSample                    :     output = 00000000DDFC4338
[LOG] OutputSoftware::createSample             :     lengthpcm 19200, lengthbytes 375936, channels 2, format 2, freq 48000, mode 0a01008a
[LOG] System::createSoundInternal              :     1 subsounds detected.
[LOG] System::createSoundInternal              :     Seek stream to start
[LOG] System::createSoundInternal              :     flush stream buffer
[LOG] System::createSoundInternal              :     flush successful.
[LOG] System::createSoundInternal              :     switch file handle from small blocking single buffered to large nonblocking doublebuffered.
[LOG] SystemI::createSoundInternal             :     done.  OpenState now = FMOD_OPENSTATE_READY.

[LOG] AsyncThread::threadFunc                  : Finished Asynchronous operation on sound 0000000042E3F828
[LOG] SoundI::getSubSound                      : sound 0000000042E3F828.  Subsound index 0 / 1
[LOG] SoundI::release                          : (null) (00000000DDB14F98)
[LOG] SoundI::release                          : remove stream samples. (00000000DDB14F98)
[LOG] SoundI::release                          :     (null) (000000004265BA68)
[LOG] SoundI::release                          : release subsounds. (00000000DDB14F98)
[LOG] SoundI::release                          :     (null) (00000000DDB15138)
[LOG] SoundI::release                          : release codec. (00000000DDB14F98)
[LOG] Manager::readBank                        : fileversion = 80, compatVersion = 70 (oldest = 44, newest = 74)
[LOG] SoundI::release                          : (null) (0000000042E3F828)
[LOG] SoundI::release                          : remove stream samples. (0000000042E3F828)
[LOG] SoundI::release                          :     (null) (000000004265BBF8)
[LOG] SoundI::release                          : release subsounds. (0000000042E3F828)
[LOG] SoundI::release                          :     (null) (000000004318FB28)
[LOG] SoundI::release                          : release codec. (0000000042E3F828)
[LOG] SoundI::release                          : (null) (000000004318F4A8)
[LOG] SoundI::release                          : remove stream samples. (000000004318F4A8)
[LOG] SoundI::release                          :     (null) (0000000042E016C8)
[LOG] SoundI::release                          : release subsounds. (000000004318F4A8)
[LOG] SoundI::release                          :     (null) (000000004318F308)
[LOG] SoundI::release                          : release codec. (000000004318F4A8)
[LOG] SoundI::release                          : (null) (0000000042E3ECC8)
[LOG] SoundI::release                          : remove stream samples. (0000000042E3ECC8)
[LOG] SoundI::release                          :     (null) (0000000042E01538)
[LOG] SoundI::release                          : release subsounds. (0000000042E3ECC8)
[LOG] SoundI::release                          :     (null) (0000000042E3F1A8)
[LOG] SoundI::release                          : release codec. (0000000042E3ECC8)
[LOG] SoundI::release                          : (null) (0000000025006DA8)
[LOG] SoundI::release                          : remove stream samples. (0000000025006DA8)
[LOG] SoundI::release                          :     (null) (0000000042E013A8)
[LOG] SoundI::release                          : release subsounds. (0000000025006DA8)
[LOG] SoundI::release                          :     (null) (0000000025006F48)
[LOG] SoundI::release                          : release codec. (0000000025006DA8)
[LOG] SoundI::release                          : (null) (0000000025C8C5C8)
[LOG] SoundI::release                          : remove stream samples. (0000000025C8C5C8)
[LOG] SoundI::release                          :     (null) (00000000E8D5DEF8)
[LOG] SoundI::release                          : release subsounds. (0000000025C8C5C8)
[LOG] SoundI::release                          :     (null) (0000000025C8C768)
[LOG] SoundI::release                          : release codec. (0000000025C8C5C8)
[LOG] SoundI::release                          : (null) (0000000025C8C288)
[LOG] SoundI::release                          : remove stream samples. (0000000025C8C288)
[LOG] SoundI::release                          :     (null) (00000000E8D5DD68)
[LOG] SoundI::release                          : release subsounds. (0000000025C8C288)
[LOG] SoundI::release                          :     (null) (0000000025C8C428)
[LOG] SoundI::release                          : release codec. (0000000025C8C288)
[LOG] SoundI::release                          : (null) (0000000025C8BF48)
[LOG] SoundI::release                          : remove stream samples. (0000000025C8BF48)
[LOG] SoundI::release                          :     (null) (00000000E8D5DBD8)
[LOG] SoundI::release                          : release subsounds. (0000000025C8BF48)
[LOG] SoundI::release                          :     (null) (0000000025C8C0E8)
[LOG] SoundI::release                          : release codec. (0000000025C8BF48)
[LOG] SoundI::release                          : (null) (0000000042DB28C8)
[LOG] SoundI::release                          : remove stream samples. (0000000042DB28C8)
[LOG] SoundI::release                          :     (null) (00000000255063E8)
[LOG] SoundI::release                          : release subsounds. (0000000042DB28C8)
[LOG] SoundI::release                          :     (null) (0000000042DB2A68)
[LOG] SoundI::release                          : release codec. (0000000042DB28C8)
[LOG] SoundI::release                          : (null) (0000000042DB2588)
[LOG] SoundI::release                          : remove stream samples. (0000000042DB2588)
[LOG] SoundI::release                          :     (null) (0000000025506258)
[LOG] SoundI::release                          : release subsounds. (0000000042DB2588)
[LOG] SoundI::release                          :     (null) (0000000042DB2728)
[LOG] SoundI::release                          : release codec. (0000000042DB2588)
[LOG] SoundI::release                          : (null) (0000000042DB1F08)
[LOG] SoundI::release                          : remove stream samples. (0000000042DB1F08)
[LOG] SoundI::release                          :     (null) (0000000042A616D8)
[LOG] SoundI::release                          : release subsounds. (0000000042DB1F08)
[LOG] SoundI::release                          :     (null) (0000000042DB20A8)
[LOG] SoundI::release                          : release codec. (0000000042DB1F08)
[LOG] SoundI::release                          : (null) (0000000042DB4A68)
[LOG] SoundI::release                          : remove stream samples. (0000000042DB4A68)
[LOG] SoundI::release                          :     (null) (0000000042A61548)
[LOG] SoundI::release                          : release subsounds. (0000000042DB4A68)
[LOG] SoundI::release                          :     (null) (0000000042DB1D68)
[LOG] SoundI::release                          : release codec. (0000000042DB4A68)
[LOG] SoundI::release                          : (null) (0000000042DB4728)
[LOG] SoundI::release                          : remove stream samples. (0000000042DB4728)
[LOG] SoundI::release                          :     (null) (0000000042A613B8)
[LOG] SoundI::release                          : release subsounds. (0000000042DB4728)
[LOG] SoundI::release                          :     (null) (0000000042DB48C8)
[LOG] SoundI::release                          : release codec. (0000000042DB4728)
[LOG] SoundI::release                          : (null) (0000000042DB43E8)
[LOG] SoundI::release                          : remove stream samples. (0000000042DB43E8)
[LOG] SoundI::release                          :     (null) (0000000042A61228)
[LOG] SoundI::release                          : release subsounds. (0000000042DB43E8)
[LOG] SoundI::release                          :     (null) (0000000042DB4588)
[LOG] SoundI::release                          : release codec. (0000000042DB43E8)
[LOG] SoundI::release                          : (null) (0000000042DB3D68)
[LOG] SoundI::release                          : remove stream samples. (0000000042DB3D68)
[LOG] SoundI::release                          :     (null) (0000000042F3B248)
[LOG] SoundI::release                          : release subsounds. (0000000042DB3D68)
[LOG] SoundI::release                          :     (null) (0000000042DB3F08)
[LOG] SoundI::release                          : release codec. (0000000042DB3D68)
[LOG] SoundI::release                          : (null) (00000000DDB15618)
[LOG] SoundI::release                          : remove stream samples. (00000000DDB15618)
[LOG] SoundI::release                          :     (null) (0000000042F3AF28)
[LOG] SoundI::release                          : release subsounds. (00000000DDB15618)
[LOG] SoundI::release                          :     (null) (00000000DDB157B8)
[LOG] SoundI::release                          : release codec. (00000000DDB15618)
[LOG] SoundI::release                          : (null) (00000000DDB152D8)
[LOG] SoundI::release                          : remove stream samples. (00000000DDB152D8)
[LOG] SoundI::release                          :     (null) (000000004265A798)
[LOG] SoundI::release                          : release subsounds. (00000000DDB152D8)
[LOG] SoundI::release                          :     (null) (00000000DDB15478)
[LOG] SoundI::release                          : release codec. (00000000DDB152D8)
[LOG] SoundI::release                          : (null) (0000000025C8C908)
[LOG] SoundI::release                          : remove stream samples. (0000000025C8C908)
[LOG] SoundI::release                          :     (null) (00000000E8D5E088)
[LOG] SoundI::release                          : release subsounds. (0000000025C8C908)
[LOG] SoundI::release                          :     (null) (0000000025006C08)
[LOG] SoundI::release                          : release codec. (0000000025C8C908)
[LOG] SoundI::release                          : (null) (0000000042DB2248)
[LOG] SoundI::release                          : remove stream samples. (0000000042DB2248)
[LOG] SoundI::release                          :     (null) (00000000255060C8)
[LOG] SoundI::release                          : release subsounds. (0000000042DB2248)
[LOG] SoundI::release                          :     (null) (0000000042DB23E8)
[LOG] SoundI::release                          : release codec. (0000000042DB2248)
[LOG] SoundI::release                          : (null) (0000000042DB40A8)
[LOG] SoundI::release                          : remove stream samples. (0000000042DB40A8)
[LOG] SoundI::release                          :     (null) (0000000042F3B3D8)
[LOG] SoundI::release                          : release subsounds. (0000000042DB40A8)
[LOG] SoundI::release                          :     (null) (0000000042DB4248)
[LOG] SoundI::release                          : release codec. (0000000042DB40A8)
[LOG] SoundI::release                          : (null) (0000000042E3EB28)
[LOG] SoundI::release                          : remove stream samples. (0000000042E3EB28)
[LOG] SoundI::release                          :     (null) (00000000DE785818)
[LOG] SoundI::release                          : release subsounds. (0000000042E3EB28)
[LOG] SoundI::release                          :     (null) (0000000042E3F008)
[LOG] SoundI::release                          : release codec. (0000000042E3EB28)
[LOG] SoundI::release                          : (null) (0000000025C8BC08)
[LOG] SoundI::release                          : remove stream samples. (0000000025C8BC08)
[LOG] SoundI::release                          :     (null) (0000000025506578)
[LOG] SoundI::release                          : release subsounds. (0000000025C8BC08)
[LOG] SoundI::release                          :     (null) (0000000025C8BDA8)
[LOG] SoundI::release                          : release codec. (0000000025C8BC08)
[LOG] SoundI::release                          : (null) (00000000DDB15958)
[LOG] SoundI::release                          : remove stream samples. (00000000DDB15958)
[LOG] SoundI::release                          :     (null) (0000000042F3B0B8)
[LOG] SoundI::release                          : release subsounds. (00000000DDB15958)
[LOG] SoundI::release                          :     (null) (00000000DDB15AF8)
[LOG] SoundI::release                          : release codec. (00000000DDB15958)
[LOG] SoundI::release                          : (null) (00000000DE2D47D8)
[LOG] SoundI::release                          : remove stream samples. (00000000DE2D47D8)
[LOG] SoundI::release                          :     (null) (00000000DE15AE38)
[LOG] SoundI::release                          : release subsounds. (00000000DE2D47D8)
[LOG] SoundI::release                          :     (null) (0000000042E3EE68)
[LOG] SoundI::release                          : release codec. (00000000DE2D47D8)
[LOG] SoundI::release                          : (null) (00000000DE1A2608)
[LOG] SoundI::release                          : release subsounds. (00000000DE1A2608)
[LOG] SoundI::release                          :     (null) (00000000DE31C308)
[LOG] SoundI::release                          : release codec. (00000000DE1A2608)
[LOG] SoundI::release                          : (null) (00000000DE1A2328)
[LOG] SoundI::release                          : release subsounds. (00000000DE1A2328)
[LOG] SoundI::release                          :     (null) (00000000DE31BE58)
[LOG] SoundI::release                          : release codec. (00000000DE1A2328)
[LOG] SoundI::release                          : (null) (00000000DE2A4318)
[LOG] SoundI::release                          : release subsounds. (00000000DE2A4318)
[LOG] SoundI::release                          :     (null) (00000000DE31BFE8)
[LOG] SoundI::release                          : release codec. (00000000DE2A4318)
[LOG] SoundI::release                          : (null) (00000000DDA6DCB8)
[LOG] SoundI::release                          : release subsounds. (00000000DDA6DCB8)
[LOG] SoundI::release                          :     (null) (0000000025AFD998)
[LOG] SoundI::release                          : release codec. (00000000DDA6DCB8)
[LOG] Thread::callback                         : * FMOD Studio update thread finished
[LOG] Thread::close                            : FMOD Studio update thread thread destroyed
[LOG] Thread::callback                         : * FMOD Studio bank load thread finished
[LOG] Thread::close                            : FMOD Studio bank load thread thread destroyed
[LOG] LiveUpdate::clientDisconnected           : client = 00000000DE29FC58
[LOG] LiveUpdate::disconnect                   : 
[LOG] LiveUpdate::transitionToListening        : 
[LOG] Profile::disconnectAll                   : Profiler disconnecting all clients
[LOG] Thread::callback                         : * FMOD Studio sample load thread finished
[LOG] Thread::close                            : FMOD Studio sample load thread thread destroyed
[LOG] LiveUpdate::release                      : 
[LOG] SystemI::close                           : 
[LOG] SystemI::close                           : Stop all sounds
[LOG] Thread::callback                         : * FMOD stream thread finished
[LOG] Thread::close                            : FMOD stream thread thread destroyed
[LOG] SystemI::close                           : Stream thread destroyed
[LOG] Thread::callback                         : * FMOD mixer thread finished
[LOG] Thread::close                            : FMOD mixer thread thread destroyed
[LOG] SystemI::close                           : Free master channel group.
[LOG] SystemI::close                           : Remove 'master' sound group.
[LOG] SystemI::close                           : Free software output.
[LOG] SystemI::close                           : Free emulated output.
[LOG] SystemI::close                           : Free channel pool.
[LOG] SystemI::close                           : done.

[LOG] Manager::readBank                        : fileversion = 80, compatVersion = 70 (oldest = 44, newest = 74)
[LOG] Manager::readBank                        : fileversion = 80, compatVersion = 70 (oldest = 44, newest = 74)
[LOG] Manager::readBank                        : fileversion = 80, compatVersion = 70 (oldest = 44, newest = 74)
[LOG] Manager::readBank                        : fileversion = 80, compatVersion = 70 (oldest = 44, newest = 74)
[LOG] PlaybackSystem::acquireMasterBus         : Setting master channel group format to 6
[LOG] Thread::callback                         : * FMOD Studio bank load thread finished
[LOG] Thread::close                            : FMOD Studio bank load thread thread destroyed
[LOG] Thread::callback                         : * FMOD Studio sample load thread finished
[LOG] Thread::close                            : FMOD Studio sample load thread thread destroyed
[LOG] LiveUpdate::release                      : 
[LOG] SystemI::close                           : 
[LOG] SystemI::close                           : Stop all sounds
[LOG] Thread::callback                         : * FMOD stream thread finished
[LOG] Thread::close                            : FMOD stream thread thread destroyed
[LOG] SystemI::close                           : Stream thread destroyed
[LOG] Thread::callback                         : * FMOD mixer thread finished
[LOG] Thread::close                            : FMOD mixer thread thread destroyed
[LOG] SystemI::close                           : Free master channel group.
[LOG] SystemI::close                           : Remove 'master' sound group.
[LOG] SystemI::close                           : Free software output.
[LOG] SystemI::close                           : Free emulated output.
[LOG] SystemI::close                           : Free channel pool.
[LOG] Thread::callback                         : * FMOD nonblocking thread (0) finished
[LOG] Thread::close                            : FMOD nonblocking thread (0) thread destroyed
[LOG] Thread::callback                         : * FMOD file thread finished
[LOG] Thread::close                            : FMOD file thread thread destroyed
[LOG] SystemI::close                           : done.

[LOG] System::create                           : Header version = 1.08.02. Current version = 1.08.02.
