[LOG] SystemI::init                            : FMOD Studio Version: 00010814 (80900)
[LOG] SystemI::init                            : maxchannels = 1024, flags = 00030000, extradriverdata = 0000000000000000
[LOG] SystemI::close                           : 
[LOG] SystemI::close                           : Stop all sounds
[LOG] SystemI::close                           : done.

[LOG] OutputWASAPI::init                       : Mix Format (WAVEFORMATEX): wFormatTag=0xFFFE, nChannels=2, nSamplesPerSec=48000, nAvgBytesPerSec=384000, nBlockAlign=8, wBitsPerSample=32, cbSize=22.
[LOG] OutputWASAPI::init                       : Mix Format (WAVEFORMATEXTENSIBLE): wValidBitsPerSample=32, dwChannelMask=0x00000003, SubFormat=00000003-0000-0010-8000-00AA00389B71.
[LOG] OutputWASAPI::init                       : Output buffer size: 4096 samples, latency: 10.67ms, period: 10.00ms, DSP buffer: 1024 * 4
[LOG] Thread::initThread                       : Initializing FMOD mixer thread.  priority 3
[LOG] Thread::initThread                       : - Stacksize 49152.  Stack pointer 0000000000000000 : usesemaphore = 0 : sleeptime = 0
[LOG] Thread::callback                         : * FMOD mixer thread started
[LOG] SystemI::init                            : Set up emulated output
[LOG] SystemI::init                            : create the channel pool
[LOG] Thread::initThread                       : Initializing FMOD stream thread.  priority 2
[LOG] Thread::initThread                       : - Stacksize 65536.  Stack pointer 0000000000000000 : usesemaphore = 0 : sleeptime = 10
[LOG] Thread::callback                         : * FMOD stream thread started
[LOG] Thread::initThread                       : Initializing FMOD Studio update thread.  priority 0
[LOG] Thread::initThread                       : - Stacksize 65536.  Stack pointer 0000000000000000 : usesemaphore = 0 : sleeptime = 1
[LOG] Thread::callback                         : * FMOD Studio update thread started
[LOG] Thread::initThread                       : Initializing FMOD Studio sample load thread.  priority 0
[LOG] Thread::initThread                       : - Stacksize 65536.  Stack pointer 0000000000000000 : usesemaphore = 0 : sleeptime = 1
[LOG] Thread::callback                         : * FMOD Studio sample load thread started
[LOG] LiveUpdate::init                         : 
[LOG] Thread::initThread                       : Initializing FMOD Studio bank load thread.  priority 0
[LOG] Thread::initThread                       : - Stacksize 65536.  Stack pointer 0000000000000000 : usesemaphore = 0 : sleeptime = 1
[LOG] Thread::callback                         : * FMOD Studio bank load thread started
[LOG] Profile::init                            : Profiler listening on port: 9264
[LOG] Manager::readBank                        : fileversion = 80, compatVersion = 70 (oldest = 44, newest = 80)
[LOG] Manager::readBank                        : fileversion = 80, compatVersion = 70 (oldest = 44, newest = 80)
[LOG] PlaybackSystem::acquireMasterBus         : Setting master channel group format to 6
[LOG] SystemI::createSoundInternal             : filename =  : mode 02000202
[LOG] SystemI::createSoundInternal             : exinfo->cbsize             = 232
[LOG] SystemI::createSoundInternal             : exinfo->length             = 3531648
[LOG] SystemI::createSoundInternal             : exinfo->fileoffset         = 87360
[LOG] SystemI::createSoundInternal             : exinfo->numsubsounds       = 1
[LOG] SystemI::createSoundInternal             : exinfo->inclusionlist      = 0000000076B5FB38
[LOG] SystemI::createSoundInternal             : exinfo->inclusionlistnum   = 1
[LOG] SystemI::createSoundInternal             : exinfo->suggestedsoundtype = 5
[LOG] SystemI::createSoundInternal             : exinfo->useropen           = 000007FEDBB55130
[LOG] SystemI::createSoundInternal             : exinfo->userclose          = 000007FEDBB55100
[LOG] SystemI::createSoundInternal             : exinfo->userread           = 000007FEDBB55200
[LOG] SystemI::createSoundInternal             : exinfo->userseek           = 000007FEDBB552B0
[LOG] SystemI::createSoundInternal             : exinfo->fileuserdata       = 0000000041D42F08
[LOG] SystemI::createSoundInternal             : exinfo->initialseekpostype = 1
[LOG] SystemI::createSoundInternal             : Format has 1 subsounds.
[LOG] SystemI::createSoundInternal             : Create as FMOD_CREATESAMPLE
[LOG] SystemI::createSoundInternal             : Multi-sample sound (1 subsounds), create a sample container.
[LOG] SystemI::createSoundInternal             : creating subsound 0/1
[LOG] SystemI::createSample                    : mode 02000202 length 17280 samples, lengthbytes 7264
[LOG] SystemI::createSample                    : channels = 2
[LOG] SystemI::createSample                    : output = 0000000070D1A6E8
[LOG] OutputSoftware::createSample             : lengthpcm 17280, lengthbytes 7264, channels 2, format 2, freq 48000, mode 0200020a
[LOG] SystemI::createSoundInternal             : No name found in file, use filename.
[LOG] SystemI::createSoundInternal             : done.  OpenState now = FMOD_OPENSTATE_READY.

[LOG] SystemI::createSoundInternal             : filename =  : mode 02000202
[LOG] SystemI::createSoundInternal             : exinfo->cbsize             = 232
[LOG] SystemI::createSoundInternal             : exinfo->length             = 3531648
[LOG] SystemI::createSoundInternal             : exinfo->fileoffset         = 87360
[LOG] SystemI::createSoundInternal             : exinfo->numsubsounds       = 1
[LOG] SystemI::createSoundInternal             : exinfo->inclusionlist      = 0000000076B5FB38
[LOG] SystemI::createSoundInternal             : exinfo->inclusionlistnum   = 1
[LOG] SystemI::createSoundInternal             : exinfo->suggestedsoundtype = 5
[LOG] SystemI::createSoundInternal             : exinfo->useropen           = 000007FEDBB55130
[LOG] SystemI::createSoundInternal             : exinfo->userclose          = 000007FEDBB55100
[LOG] SystemI::createSoundInternal             : exinfo->userread           = 000007FEDBB55200
[LOG] SystemI::createSoundInternal             : exinfo->userseek           = 000007FEDBB552B0
[LOG] SystemI::createSoundInternal             : exinfo->fileuserdata       = 0000000041D42F08
[LOG] SystemI::createSoundInternal             : exinfo->initialseekpostype = 1
[LOG] SystemI::createSoundInternal             : Format has 1 subsounds.
[LOG] SystemI::createSoundInternal             : Create as FMOD_CREATESAMPLE
[LOG] SystemI::createSoundInternal             : Multi-sample sound (1 subsounds), create a sample container.
[LOG] SystemI::createSoundInternal             : creating subsound 0/1
[LOG] SystemI::createSample                    : mode 02000202 length 85205 samples, lengthbytes 15680
[LOG] SystemI::createSample                    : channels = 1
[LOG] SystemI::createSample                    : output = 0000000070D1A6E8
[LOG] OutputSoftware::createSample             : lengthpcm 85205, lengthbytes 15680, channels 1, format 2, freq 48000, mode 0200020a
[LOG] SystemI::createSoundInternal             : No name found in file, use filename.
[LOG] SystemI::createSoundInternal             : done.  OpenState now = FMOD_OPENSTATE_READY.

[LOG] SystemI::createSoundInternal             : filename =  : mode 02000202
[LOG] SystemI::createSoundInternal             : exinfo->cbsize             = 232
[LOG] SystemI::createSoundInternal             : exinfo->length             = 3531648
[LOG] SystemI::createSoundInternal             : exinfo->fileoffset         = 87360
[LOG] SystemI::createSoundInternal             : exinfo->numsubsounds       = 1
[LOG] SystemI::createSoundInternal             : exinfo->inclusionlist      = 0000000076B5FB38
[LOG] SystemI::createSoundInternal             : exinfo->inclusionlistnum   = 1
[LOG] SystemI::createSoundInternal             : exinfo->suggestedsoundtype = 5
[LOG] SystemI::createSoundInternal             : exinfo->useropen           = 000007FEDBB55130
[LOG] SystemI::createSoundInternal             : exinfo->userclose          = 000007FEDBB55100
[LOG] SystemI::createSoundInternal             : exinfo->userread           = 000007FEDBB55200
[LOG] SystemI::createSoundInternal             : exinfo->userseek           = 000007FEDBB552B0
[LOG] SystemI::createSoundInternal             : exinfo->fileuserdata       = 0000000041D42F08
[LOG] SystemI::createSoundInternal             : exinfo->initialseekpostype = 1
[LOG] SystemI::createSoundInternal             : Format has 1 subsounds.
[LOG] SystemI::createSoundInternal             : Create as FMOD_CREATESAMPLE
[LOG] SystemI::createSoundInternal             : Multi-sample sound (1 subsounds), create a sample container.
[LOG] SystemI::createSoundInternal             : creating subsound 0/1
[LOG] SystemI::createSample                    : mode 02000202 length 131535 samples, lengthbytes 26432
[LOG] SystemI::createSample                    : channels = 1
[LOG] SystemI::createSample                    : output = 0000000070D1A6E8
[LOG] OutputSoftware::createSample             : lengthpcm 131535, lengthbytes 26432, channels 1, format 2, freq 48000, mode 0200020a
[LOG] SystemI::createSoundInternal             : No name found in file, use filename.
[LOG] SystemI::createSoundInternal             : done.  OpenState now = FMOD_OPENSTATE_READY.

[LOG] SystemI::createSoundInternal             : filename =  : mode 02000202
[LOG] SystemI::createSoundInternal             : exinfo->cbsize             = 232
[LOG] SystemI::createSoundInternal             : exinfo->length             = 3531648
[LOG] SystemI::createSoundInternal             : exinfo->fileoffset         = 87360
[LOG] SystemI::createSoundInternal             : exinfo->numsubsounds       = 1
[LOG] SystemI::createSoundInternal             : exinfo->inclusionlist      = 0000000076B5FB38
[LOG] SystemI::createSoundInternal             : exinfo->inclusionlistnum   = 1
[LOG] SystemI::createSoundInternal             : exinfo->suggestedsoundtype = 5
[LOG] SystemI::createSoundInternal             : exinfo->useropen           = 000007FEDBB55130
[LOG] SystemI::createSoundInternal             : exinfo->userclose          = 000007FEDBB55100
[LOG] SystemI::createSoundInternal             : exinfo->userread           = 000007FEDBB55200
[LOG] SystemI::createSoundInternal             : exinfo->userseek           = 000007FEDBB552B0
[LOG] SystemI::createSoundInternal             : exinfo->fileuserdata       = 0000000041D42F08
[LOG] SystemI::createSoundInternal             : exinfo->initialseekpostype = 1
[LOG] SystemI::createSoundInternal             : Format has 1 subsounds.
[LOG] SystemI::createSoundInternal             : Create as FMOD_CREATESAMPLE
[LOG] SystemI::createSoundInternal             : Multi-sample sound (1 subsounds), create a sample container.
[LOG] SystemI::createSoundInternal             : creating subsound 0/1
[LOG] SystemI::createSample                    : mode 02000202 length 200527 samples, lengthbytes 36096
[LOG] SystemI::createSample                    : channels = 1
[LOG] SystemI::createSample                    : output = 0000000070D1A6E8
[LOG] OutputSoftware::createSample             : lengthpcm 200527, lengthbytes 36096, channels 1, format 2, freq 48000, mode 0200020a
[LOG] SystemI::createSoundInternal             : No name found in file, use filename.
[LOG] SystemI::createSoundInternal             : done.  OpenState now = FMOD_OPENSTATE_READY.

[LOG] SystemI::createSoundInternal             : filename =  : mode 02000202
[LOG] SystemI::createSoundInternal             : exinfo->cbsize             = 232
[LOG] SystemI::createSoundInternal             : exinfo->length             = 3531648
[LOG] SystemI::createSoundInternal             : exinfo->fileoffset         = 87360
[LOG] SystemI::createSoundInternal             : exinfo->numsubsounds       = 1
[LOG] SystemI::createSoundInternal             : exinfo->inclusionlist      = 0000000076B5FB38
[LOG] SystemI::createSoundInternal             : exinfo->inclusionlistnum   = 1
[LOG] SystemI::createSoundInternal             : exinfo->suggestedsoundtype = 5
[LOG] SystemI::createSoundInternal             : exinfo->useropen           = 000007FEDBB55130
[LOG] SystemI::createSoundInternal             : exinfo->userclose          = 000007FEDBB55100
[LOG] SystemI::createSoundInternal             : exinfo->userread           = 000007FEDBB55200
[LOG] SystemI::createSoundInternal             : exinfo->userseek           = 000007FEDBB552B0
[LOG] SystemI::createSoundInternal             : exinfo->fileuserdata       = 0000000041D42F08
[LOG] SystemI::createSoundInternal             : exinfo->initialseekpostype = 1
[LOG] SystemI::createSoundInternal             : Format has 1 subsounds.
[LOG] SystemI::createSoundInternal             : Create as FMOD_CREATESAMPLE
[LOG] SystemI::createSoundInternal             : Multi-sample sound (1 subsounds), create a sample container.
[LOG] SystemI::createSoundInternal             : creating subsound 0/1
[LOG] SystemI::createSample                    : mode 02000202 length 35108 samples, lengthbytes 6272
[LOG] SystemI::createSample                    : channels = 1
[LOG] SystemI::createSample                    : output = 0000000070D1A6E8
[LOG] OutputSoftware::createSample             : lengthpcm 35108, lengthbytes 6272, channels 1, format 2, freq 48000, mode 0200020a
[LOG] SystemI::createSoundInternal             : No name found in file, use filename.
[LOG] SystemI::createSoundInternal             : done.  OpenState now = FMOD_OPENSTATE_READY.

[LOG] SystemI::createSoundInternal             : filename =  : mode 02000202
[LOG] SystemI::createSoundInternal             : exinfo->cbsize             = 232
[LOG] SystemI::createSoundInternal             : exinfo->length             = 3531648
[LOG] SystemI::createSoundInternal             : exinfo->fileoffset         = 87360
[LOG] SystemI::createSoundInternal             : exinfo->numsubsounds       = 1
[LOG] SystemI::createSoundInternal             : exinfo->inclusionlist      = 0000000076B5FB38
[LOG] SystemI::createSoundInternal             : exinfo->inclusionlistnum   = 1
[LOG] SystemI::createSoundInternal             : exinfo->suggestedsoundtype = 5
[LOG] SystemI::createSoundInternal             : exinfo->useropen           = 000007FEDBB55130
[LOG] SystemI::createSoundInternal             : exinfo->userclose          = 000007FEDBB55100
[LOG] SystemI::createSoundInternal             : exinfo->userread           = 000007FEDBB55200
[LOG] SystemI::createSoundInternal             : exinfo->userseek           = 000007FEDBB552B0
[LOG] SystemI::createSoundInternal             : exinfo->fileuserdata       = 0000000041D42F08
[LOG] SystemI::createSoundInternal             : exinfo->initialseekpostype = 1
[LOG] SystemI::createSoundInternal             : Format has 1 subsounds.
[LOG] SystemI::createSoundInternal             : Create as FMOD_CREATESAMPLE
[LOG] SystemI::createSoundInternal             : Multi-sample sound (1 subsounds), create a sample container.
[LOG] SystemI::createSoundInternal             : creating subsound 0/1
[LOG] SystemI::createSample                    : mode 02000202 length 197207 samples, lengthbytes 36544
[LOG] SystemI::createSample                    : channels = 1
[LOG] SystemI::createSample                    : output = 0000000070D1A6E8
[LOG] OutputSoftware::createSample             : lengthpcm 197207, lengthbytes 36544, channels 1, format 2, freq 48000, mode 0200020a
[LOG] SystemI::createSoundInternal             : No name found in file, use filename.
[LOG] SystemI::createSoundInternal             : done.  OpenState now = FMOD_OPENSTATE_READY.

[LOG] SystemI::createSoundInternal             : filename =  : mode 02000202
[LOG] SystemI::createSoundInternal             : exinfo->cbsize             = 232
[LOG] SystemI::createSoundInternal             : exinfo->length             = 3531648
[LOG] SystemI::createSoundInternal             : exinfo->fileoffset         = 87360
[LOG] SystemI::createSoundInternal             : exinfo->numsubsounds       = 1
[LOG] SystemI::createSoundInternal             : exinfo->inclusionlist      = 0000000076B5FB38
[LOG] SystemI::createSoundInternal             : exinfo->inclusionlistnum   = 1
[LOG] SystemI::createSoundInternal             : exinfo->suggestedsoundtype = 5
[LOG] SystemI::createSoundInternal             : exinfo->useropen           = 000007FEDBB55130
[LOG] SystemI::createSoundInternal             : exinfo->userclose          = 000007FEDBB55100
[LOG] SystemI::createSoundInternal             : exinfo->userread           = 000007FEDBB55200
[LOG] SystemI::createSoundInternal             : exinfo->userseek           = 000007FEDBB552B0
[LOG] SystemI::createSoundInternal             : exinfo->fileuserdata       = 0000000041D42F08
[LOG] SystemI::createSoundInternal             : exinfo->initialseekpostype = 1
[LOG] SystemI::createSoundInternal             : Format has 1 subsounds.
[LOG] SystemI::createSoundInternal             : Create as FMOD_CREATESAMPLE
[LOG] SystemI::createSoundInternal             : Multi-sample sound (1 subsounds), create a sample container.
[LOG] SystemI::createSoundInternal             : creating subsound 0/1
[LOG] SystemI::createSample                    : mode 02000202 length 32600 samples, lengthbytes 5568
[LOG] SystemI::createSample                    : channels = 1
[LOG] SystemI::createSample                    : output = 0000000070D1A6E8
[LOG] OutputSoftware::createSample             : lengthpcm 32600, lengthbytes 5568, channels 1, format 2, freq 48000, mode 0200020a
[LOG] SystemI::createSoundInternal             : No name found in file, use filename.
[LOG] SystemI::createSoundInternal             : done.  OpenState now = FMOD_OPENSTATE_READY.

[LOG] SystemI::createSoundInternal             : filename =  : mode 02000202
[LOG] SystemI::createSoundInternal             : exinfo->cbsize             = 232
[LOG] SystemI::createSoundInternal             : exinfo->length             = 3531648
[LOG] SystemI::createSoundInternal             : exinfo->fileoffset         = 87360
[LOG] SystemI::createSoundInternal             : exinfo->numsubsounds       = 1
[LOG] SystemI::createSoundInternal             : exinfo->inclusionlist      = 0000000076B5FB38
[LOG] SystemI::createSoundInternal             : exinfo->inclusionlistnum   = 1
[LOG] SystemI::createSoundInternal             : exinfo->suggestedsoundtype = 5
[LOG] SystemI::createSoundInternal             : exinfo->useropen           = 000007FEDBB55130
[LOG] SystemI::createSoundInternal             : exinfo->userclose          = 000007FEDBB55100
[LOG] SystemI::createSoundInternal             : exinfo->userread           = 000007FEDBB55200
[LOG] SystemI::createSoundInternal             : exinfo->userseek           = 000007FEDBB552B0
[LOG] SystemI::createSoundInternal             : exinfo->fileuserdata       = 0000000041D42F08
[LOG] SystemI::createSoundInternal             : exinfo->initialseekpostype = 1
[LOG] SystemI::createSoundInternal             : Format has 1 subsounds.
[LOG] SystemI::createSoundInternal             : Create as FMOD_CREATESAMPLE
[LOG] SystemI::createSoundInternal             : Multi-sample sound (1 subsounds), create a sample container.
[LOG] SystemI::createSoundInternal             : creating subsound 0/1
[LOG] SystemI::createSample                    : mode 02000202 length 253493 samples, lengthbytes 45824
[LOG] SystemI::createSample                    : channels = 1
[LOG] SystemI::createSample                    : output = 0000000070D1A6E8
[LOG] OutputSoftware::createSample             : lengthpcm 253493, lengthbytes 45824, channels 1, format 2, freq 48000, mode 0200020a
[LOG] SystemI::createSoundInternal             : No name found in file, use filename.
[LOG] SystemI::createSoundInternal             : done.  OpenState now = FMOD_OPENSTATE_READY.

[LOG] SystemI::createSoundInternal             : filename =  : mode 02000202
[LOG] SystemI::createSoundInternal             : exinfo->cbsize             = 232
[LOG] SystemI::createSoundInternal             : exinfo->length             = 3531648
[LOG] SystemI::createSoundInternal             : exinfo->fileoffset         = 87360
[LOG] SystemI::createSoundInternal             : exinfo->numsubsounds       = 1
[LOG] SystemI::createSoundInternal             : exinfo->inclusionlist      = 0000000076B5FB38
[LOG] SystemI::createSoundInternal             : exinfo->inclusionlistnum   = 1
[LOG] SystemI::createSoundInternal             : exinfo->suggestedsoundtype = 5
[LOG] SystemI::createSoundInternal             : exinfo->useropen           = 000007FEDBB55130
[LOG] SystemI::createSoundInternal             : exinfo->userclose          = 000007FEDBB55100
[LOG] SystemI::createSoundInternal             : exinfo->userread           = 000007FEDBB55200
[LOG] SystemI::createSoundInternal             : exinfo->userseek           = 000007FEDBB552B0
[LOG] SystemI::createSoundInternal             : exinfo->fileuserdata       = 0000000041D42F08
[LOG] SystemI::createSoundInternal             : exinfo->initialseekpostype = 1
[LOG] SystemI::createSoundInternal             : Format has 1 subsounds.
[LOG] SystemI::createSoundInternal             : Create as FMOD_CREATESAMPLE
[LOG] SystemI::createSoundInternal             : Multi-sample sound (1 subsounds), create a sample container.
[LOG] SystemI::createSoundInternal             : creating subsound 0/1
[LOG] SystemI::createSample                    : mode 02000202 length 163200 samples, lengthbytes 29728
[LOG] SystemI::createSample                    : channels = 1
[LOG] SystemI::createSample                    : output = 0000000070D1A6E8
[LOG] OutputSoftware::createSample             : lengthpcm 163200, lengthbytes 29728, channels 1, format 2, freq 48000, mode 0200020a
[LOG] SystemI::createSoundInternal             : No name found in file, use filename.
[LOG] SystemI::createSoundInternal             : done.  OpenState now = FMOD_OPENSTATE_READY.

[LOG] SystemI::createSoundInternal             : filename =  : mode 02000202
[LOG] SystemI::createSoundInternal             : exinfo->cbsize             = 232
[LOG] SystemI::createSoundInternal             : exinfo->length             = 3531648
[LOG] SystemI::createSoundInternal             : exinfo->fileoffset         = 87360
[LOG] SystemI::createSoundInternal             : exinfo->numsubsounds       = 1
[LOG] SystemI::createSoundInternal             : exinfo->inclusionlist      = 0000000076B5FB38
[LOG] SystemI::createSoundInternal             : exinfo->inclusionlistnum   = 1
[LOG] SystemI::createSoundInternal             : exinfo->suggestedsoundtype = 5
[LOG] SystemI::createSoundInternal             : exinfo->useropen           = 000007FEDBB55130
[LOG] SystemI::createSoundInternal             : exinfo->userclose          = 000007FEDBB55100
[LOG] SystemI::createSoundInternal             : exinfo->userread           = 000007FEDBB55200
[LOG] SystemI::createSoundInternal             : exinfo->userseek           = 000007FEDBB552B0
[LOG] SystemI::createSoundInternal             : exinfo->fileuserdata       = 0000000041D42F08
[LOG] SystemI::createSoundInternal             : exinfo->initialseekpostype = 1
[LOG] SystemI::createSoundInternal             : Format has 1 subsounds.
[LOG] SystemI::createSoundInternal             : Create as FMOD_CREATESAMPLE
[LOG] SystemI::createSoundInternal             : Multi-sample sound (1 subsounds), create a sample container.
[LOG] SystemI::createSoundInternal             : creating subsound 0/1
[LOG] SystemI::createSample                    : mode 02000202 length 231552 samples, lengthbytes 50848
[LOG] SystemI::createSample                    : channels = 2
[LOG] SystemI::createSample                    : output = 0000000070D1A6E8
[LOG] OutputSoftware::createSample             : lengthpcm 231552, lengthbytes 50848, channels 2, format 2, freq 48000, mode 0200020a
[LOG] SystemI::createSoundInternal             : No name found in file, use filename.
[LOG] SystemI::createSoundInternal             : done.  OpenState now = FMOD_OPENSTATE_READY.

[LOG] SystemI::createSoundInternal             : filename =  : mode 02000202
[LOG] SystemI::createSoundInternal             : exinfo->cbsize             = 232
[LOG] SystemI::createSoundInternal             : exinfo->length             = 3531648
[LOG] SystemI::createSoundInternal             : exinfo->fileoffset         = 87360
[LOG] SystemI::createSoundInternal             : exinfo->numsubsounds       = 1
[LOG] SystemI::createSoundInternal             : exinfo->inclusionlist      = 0000000076B5FB38
[LOG] SystemI::createSoundInternal             : exinfo->inclusionlistnum   = 1
[LOG] SystemI::createSoundInternal             : exinfo->suggestedsoundtype = 5
[LOG] SystemI::createSoundInternal             : exinfo->useropen           = 000007FEDBB55130
[LOG] SystemI::createSoundInternal             : exinfo->userclose          = 000007FEDBB55100
[LOG] SystemI::createSoundInternal             : exinfo->userread           = 000007FEDBB55200
[LOG] SystemI::createSoundInternal             : exinfo->userseek           = 000007FEDBB552B0
[LOG] SystemI::createSoundInternal             : exinfo->fileuserdata       = 0000000041D42F08
[LOG] SystemI::createSoundInternal             : exinfo->initialseekpostype = 1
[LOG] SystemI::createSoundInternal             : Format has 1 subsounds.
[LOG] SystemI::createSoundInternal             : Create as FMOD_CREATESAMPLE
[LOG] SystemI::createSoundInternal             : Multi-sample sound (1 subsounds), create a sample container.
[LOG] SystemI::createSoundInternal             : creating subsound 0/1
[LOG] SystemI::createSample                    : mode 02000202 length 249581 samples, lengthbytes 46112
[LOG] SystemI::createSample                    : channels = 1
[LOG] SystemI::createSample                    : output = 0000000070D1A6E8
[LOG] OutputSoftware::createSample             : lengthpcm 249581, lengthbytes 46112, channels 1, format 2, freq 48000, mode 0200020a
[LOG] SystemI::createSoundInternal             : No name found in file, use filename.
[LOG] SystemI::createSoundInternal             : done.  OpenState now = FMOD_OPENSTATE_READY.

[LOG] SystemI::createSoundInternal             : filename =  : mode 02000202
[LOG] SystemI::createSoundInternal             : exinfo->cbsize             = 232
[LOG] SystemI::createSoundInternal             : exinfo->length             = 3531648
[LOG] SystemI::createSoundInternal             : exinfo->fileoffset         = 87360
[LOG] SystemI::createSoundInternal             : exinfo->numsubsounds       = 1
[LOG] SystemI::createSoundInternal             : exinfo->inclusionlist      = 0000000076B5FB38
[LOG] SystemI::createSoundInternal             : exinfo->inclusionlistnum   = 1
[LOG] SystemI::createSoundInternal             : exinfo->suggestedsoundtype = 5
[LOG] SystemI::createSoundInternal             : exinfo->useropen           = 000007FEDBB55130
[LOG] SystemI::createSoundInternal             : exinfo->userclose          = 000007FEDBB55100
[LOG] SystemI::createSoundInternal             : exinfo->userread           = 000007FEDBB55200
[LOG] SystemI::createSoundInternal             : exinfo->userseek           = 000007FEDBB552B0
[LOG] SystemI::createSoundInternal             : exinfo->fileuserdata       = 0000000041D42F08
[LOG] SystemI::createSoundInternal             : exinfo->initialseekpostype = 1
[LOG] SystemI::createSoundInternal             : Format has 1 subsounds.
[LOG] SystemI::createSoundInternal             : Create as FMOD_CREATESAMPLE
[LOG] SystemI::createSoundInternal             : Multi-sample sound (1 subsounds), create a sample container.
[LOG] SystemI::createSoundInternal             : creating subsound 0/1
[LOG] SystemI::createSample                    : mode 02000202 length 32600 samples, lengthbytes 5184
[LOG] SystemI::createSample                    : channels = 1
[LOG] SystemI::createSample                    : output = 0000000070D1A6E8
[LOG] OutputSoftware::createSample             : lengthpcm 32600, lengthbytes 5184, channels 1, format 2, freq 48000, mode 0200020a
[LOG] SystemI::createSoundInternal             : No name found in file, use filename.
[LOG] SystemI::createSoundInternal             : done.  OpenState now = FMOD_OPENSTATE_READY.

[LOG] SystemI::createSoundInternal             : filename =  : mode 02000202
[LOG] SystemI::createSoundInternal             : exinfo->cbsize             = 232
[LOG] SystemI::createSoundInternal             : exinfo->length             = 3531648
[LOG] SystemI::createSoundInternal             : exinfo->fileoffset         = 87360
[LOG] SystemI::createSoundInternal             : exinfo->numsubsounds       = 1
[LOG] SystemI::createSoundInternal             : exinfo->inclusionlist      = 0000000076B5FB38
[LOG] SystemI::createSoundInternal             : exinfo->inclusionlistnum   = 1
[LOG] SystemI::createSoundInternal             : exinfo->suggestedsoundtype = 5
[LOG] SystemI::createSoundInternal             : exinfo->useropen           = 000007FEDBB55130
[LOG] SystemI::createSoundInternal             : exinfo->userclose          = 000007FEDBB55100
[LOG] SystemI::createSoundInternal             : exinfo->userread           = 000007FEDBB55200
[LOG] SystemI::createSoundInternal             : exinfo->userseek           = 000007FEDBB552B0
[LOG] SystemI::createSoundInternal             : exinfo->fileuserdata       = 0000000041D42F08
[LOG] SystemI::createSoundInternal             : exinfo->initialseekpostype = 1
[LOG] SystemI::createSoundInternal             : Format has 1 subsounds.
[LOG] SystemI::createSoundInternal             : Create as FMOD_CREATESAMPLE
[LOG] SystemI::createSoundInternal             : Multi-sample sound (1 subsounds), create a sample container.
[LOG] SystemI::createSoundInternal             : creating subsound 0/1
[LOG] SystemI::createSample                    : mode 02000202 length 288000 samples, lengthbytes 51904
[LOG] SystemI::createSample                    : channels = 1
[LOG] SystemI::createSample                    : output = 0000000070D1A6E8
[LOG] OutputSoftware::createSample             : lengthpcm 288000, lengthbytes 51904, channels 1, format 2, freq 48000, mode 0200020a
[LOG] SystemI::createSoundInternal             : No name found in file, use filename.
[LOG] SystemI::createSoundInternal             : done.  OpenState now = FMOD_OPENSTATE_READY.

[LOG] SystemI::createSoundInternal             : filename =  : mode 02000202
[LOG] SystemI::createSoundInternal             : exinfo->cbsize             = 232
[LOG] SystemI::createSoundInternal             : exinfo->length             = 3531648
[LOG] SystemI::createSoundInternal             : exinfo->fileoffset         = 87360
[LOG] SystemI::createSoundInternal             : exinfo->numsubsounds       = 1
[LOG] SystemI::createSoundInternal             : exinfo->inclusionlist      = 0000000076B5FB38
[LOG] SystemI::createSoundInternal             : exinfo->inclusionlistnum   = 1
[LOG] SystemI::createSoundInternal             : exinfo->suggestedsoundtype = 5
[LOG] SystemI::createSoundInternal             : exinfo->useropen           = 000007FEDBB55130
[LOG] SystemI::createSoundInternal             : exinfo->userclose          = 000007FEDBB55100
[LOG] SystemI::createSoundInternal             : exinfo->userread           = 000007FEDBB55200
[LOG] SystemI::createSoundInternal             : exinfo->userseek           = 000007FEDBB552B0
[LOG] SystemI::createSoundInternal             : exinfo->fileuserdata       = 0000000041D42F08
[LOG] SystemI::createSoundInternal             : exinfo->initialseekpostype = 1
[LOG] SystemI::createSoundInternal             : Format has 1 subsounds.
[LOG] SystemI::createSoundInternal             : Create as FMOD_CREATESAMPLE
[LOG] SystemI::createSoundInternal             : Multi-sample sound (1 subsounds), create a sample container.
[LOG] SystemI::createSoundInternal             : creating subsound 0/1
[LOG] SystemI::createSample                    : mode 02000202 length 67548 samples, lengthbytes 12672
[LOG] SystemI::createSample                    : channels = 1
[LOG] SystemI::createSample                    : output = 0000000070D1A6E8
[LOG] OutputSoftware::createSample             : lengthpcm 67548, lengthbytes 12672, channels 1, format 2, freq 48000, mode 0200020a
[LOG] SystemI::createSoundInternal             : No name found in file, use filename.
[LOG] SystemI::createSoundInternal             : done.  OpenState now = FMOD_OPENSTATE_READY.

[LOG] SystemI::createSoundInternal             : filename =  : mode 02000202
[LOG] SystemI::createSoundInternal             : exinfo->cbsize             = 232
[LOG] SystemI::createSoundInternal             : exinfo->length             = 3531648
[LOG] SystemI::createSoundInternal             : exinfo->fileoffset         = 87360
[LOG] SystemI::createSoundInternal             : exinfo->numsubsounds       = 1
[LOG] SystemI::createSoundInternal             : exinfo->inclusionlist      = 0000000076B5FB38
[LOG] SystemI::createSoundInternal             : exinfo->inclusionlistnum   = 1
[LOG] SystemI::createSoundInternal             : exinfo->suggestedsoundtype = 5
[LOG] SystemI::createSoundInternal             : exinfo->useropen           = 000007FEDBB55130
[LOG] SystemI::createSoundInternal             : exinfo->userclose          = 000007FEDBB55100
[LOG] SystemI::createSoundInternal             : exinfo->userread           = 000007FEDBB55200
[LOG] SystemI::createSoundInternal             : exinfo->userseek           = 000007FEDBB552B0
[LOG] SystemI::createSoundInternal             : exinfo->fileuserdata       = 0000000041D42F08
[LOG] SystemI::createSoundInternal             : exinfo->initialseekpostype = 1
[LOG] SystemI::createSoundInternal             : Format has 1 subsounds.
[LOG] SystemI::createSoundInternal             : Create as FMOD_CREATESAMPLE
[LOG] SystemI::createSoundInternal             : Multi-sample sound (1 subsounds), create a sample container.
[LOG] SystemI::createSoundInternal             : creating subsound 0/1
[LOG] SystemI::createSample                    : mode 02000202 length 259299 samples, lengthbytes 47584
[LOG] SystemI::createSample                    : channels = 1
[LOG] SystemI::createSample                    : output = 0000000070D1A6E8
[LOG] OutputSoftware::createSample             : lengthpcm 259299, lengthbytes 47584, channels 1, format 2, freq 48000, mode 0200020a
[LOG] SystemI::createSoundInternal             : No name found in file, use filename.
[LOG] SystemI::createSoundInternal             : done.  OpenState now = FMOD_OPENSTATE_READY.

[LOG] SystemI::createSoundInternal             : filename =  : mode 02000202
[LOG] SystemI::createSoundInternal             : exinfo->cbsize             = 232
[LOG] SystemI::createSoundInternal             : exinfo->length             = 3531648
[LOG] SystemI::createSoundInternal             : exinfo->fileoffset         = 87360
[LOG] SystemI::createSoundInternal             : exinfo->numsubsounds       = 1
[LOG] SystemI::createSoundInternal             : exinfo->inclusionlist      = 0000000076B5FB38
[LOG] SystemI::createSoundInternal             : exinfo->inclusionlistnum   = 1
[LOG] SystemI::createSoundInternal             : exinfo->suggestedsoundtype = 5
[LOG] SystemI::createSoundInternal             : exinfo->useropen           = 000007FEDBB55130
[LOG] SystemI::createSoundInternal             : exinfo->userclose          = 000007FEDBB55100
[LOG] SystemI::createSoundInternal             : exinfo->userread           = 000007FEDBB55200
[LOG] SystemI::createSoundInternal             : exinfo->userseek           = 000007FEDBB552B0
[LOG] SystemI::createSoundInternal             : exinfo->fileuserdata       = 0000000041D42F08
[LOG] SystemI::createSoundInternal             : exinfo->initialseekpostype = 1
[LOG] SystemI::createSoundInternal             : Format has 1 subsounds.
[LOG] SystemI::createSoundInternal             : Create as FMOD_CREATESAMPLE
[LOG] SystemI::createSoundInternal             : Multi-sample sound (1 subsounds), create a sample container.
[LOG] SystemI::createSoundInternal             : creating subsound 0/1
[LOG] SystemI::createSample                    : mode 02000202 length 180188 samples, lengthbytes 33792
[LOG] SystemI::createSample                    : channels = 1
[LOG] SystemI::createSample                    : output = 0000000070D1A6E8
[LOG] OutputSoftware::createSample             : lengthpcm 180188, lengthbytes 33792, channels 1, format 2, freq 48000, mode 0200020a
[LOG] SystemI::createSoundInternal             : No name found in file, use filename.
[LOG] SystemI::createSoundInternal             : done.  OpenState now = FMOD_OPENSTATE_READY.

[LOG] SystemI::createSoundInternal             : filename =  : mode 02000202
[LOG] SystemI::createSoundInternal             : exinfo->cbsize             = 232
[LOG] SystemI::createSoundInternal             : exinfo->length             = 3531648
[LOG] SystemI::createSoundInternal             : exinfo->fileoffset         = 87360
[LOG] SystemI::createSoundInternal             : exinfo->numsubsounds       = 1
[LOG] SystemI::createSoundInternal             : exinfo->inclusionlist      = 0000000076B5FB38
[LOG] SystemI::createSoundInternal             : exinfo->inclusionlistnum   = 1
[LOG] SystemI::createSoundInternal             : exinfo->suggestedsoundtype = 5
[LOG] SystemI::createSoundInternal             : exinfo->useropen           = 000007FEDBB55130
[LOG] SystemI::createSoundInternal             : exinfo->userclose          = 000007FEDBB55100
[LOG] SystemI::createSoundInternal             : exinfo->userread           = 000007FEDBB55200
[LOG] SystemI::createSoundInternal             : exinfo->userseek           = 000007FEDBB552B0
[LOG] SystemI::createSoundInternal             : exinfo->fileuserdata       = 0000000041D42F08
[LOG] SystemI::createSoundInternal             : exinfo->initialseekpostype = 1
[LOG] SystemI::createSoundInternal             : Format has 1 subsounds.
[LOG] SystemI::createSoundInternal             : Create as FMOD_CREATESAMPLE
[LOG] SystemI::createSoundInternal             : Multi-sample sound (1 subsounds), create a sample container.
[LOG] SystemI::createSoundInternal             : creating subsound 0/1
[LOG] SystemI::createSample                    : mode 02000202 length 36362 samples, lengthbytes 5664
[LOG] SystemI::createSample                    : channels = 1
[LOG] SystemI::createSample                    : output = 0000000070D1A6E8
[LOG] OutputSoftware::createSample             : lengthpcm 36362, lengthbytes 5664, channels 1, format 2, freq 48000, mode 0200020a
[LOG] SystemI::createSoundInternal             : No name found in file, use filename.
[LOG] SystemI::createSoundInternal             : done.  OpenState now = FMOD_OPENSTATE_READY.

[LOG] SystemI::createSoundInternal             : filename =  : mode 02000202
[LOG] SystemI::createSoundInternal             : exinfo->cbsize             = 232
[LOG] SystemI::createSoundInternal             : exinfo->length             = 3531648
[LOG] SystemI::createSoundInternal             : exinfo->fileoffset         = 87360
[LOG] SystemI::createSoundInternal             : exinfo->numsubsounds       = 1
[LOG] SystemI::createSoundInternal             : exinfo->inclusionlist      = 0000000076B5FB38
[LOG] SystemI::createSoundInternal             : exinfo->inclusionlistnum   = 1
[LOG] SystemI::createSoundInternal             : exinfo->suggestedsoundtype = 5
[LOG] SystemI::createSoundInternal             : exinfo->useropen           = 000007FEDBB55130
[LOG] SystemI::createSoundInternal             : exinfo->userclose          = 000007FEDBB55100
[LOG] SystemI::createSoundInternal             : exinfo->userread           = 000007FEDBB55200
[LOG] SystemI::createSoundInternal             : exinfo->userseek           = 000007FEDBB552B0
[LOG] SystemI::createSoundInternal             : exinfo->fileuserdata       = 0000000041D42F08
[LOG] SystemI::createSoundInternal             : exinfo->initialseekpostype = 1
[LOG] SystemI::createSoundInternal             : Format has 1 subsounds.
[LOG] SystemI::createSoundInternal             : Create as FMOD_CREATESAMPLE
[LOG] SystemI::createSoundInternal             : Multi-sample sound (1 subsounds), create a sample container.
[LOG] SystemI::createSoundInternal             : creating subsound 0/1
[LOG] SystemI::createSample                    : mode 02000202 length 33854 samples, lengthbytes 5088
[LOG] SystemI::createSample                    : channels = 2
[LOG] SystemI::createSample                    : output = 0000000070D1A6E8
[LOG] OutputSoftware::createSample             : lengthpcm 33854, lengthbytes 5088, channels 2, format 2, freq 48000, mode 0200020a
[LOG] SystemI::createSoundInternal             : No name found in file, use filename.
[LOG] SystemI::createSoundInternal             : done.  OpenState now = FMOD_OPENSTATE_READY.

[LOG] SystemI::createSoundInternal             : filename =  : mode 02000202
[LOG] SystemI::createSoundInternal             : exinfo->cbsize             = 232
[LOG] SystemI::createSoundInternal             : exinfo->length             = 3531648
[LOG] SystemI::createSoundInternal             : exinfo->fileoffset         = 87360
[LOG] SystemI::createSoundInternal             : exinfo->numsubsounds       = 1
[LOG] SystemI::createSoundInternal             : exinfo->inclusionlist      = 0000000076B5FB38
[LOG] SystemI::createSoundInternal             : exinfo->inclusionlistnum   = 1
[LOG] SystemI::createSoundInternal             : exinfo->suggestedsoundtype = 5
[LOG] SystemI::createSoundInternal             : exinfo->useropen           = 000007FEDBB55130
[LOG] SystemI::createSoundInternal             : exinfo->userclose          = 000007FEDBB55100
[LOG] SystemI::createSoundInternal             : exinfo->userread           = 000007FEDBB55200
[LOG] SystemI::createSoundInternal             : exinfo->userseek           = 000007FEDBB552B0
[LOG] SystemI::createSoundInternal             : exinfo->fileuserdata       = 0000000041D42F08
[LOG] SystemI::createSoundInternal             : exinfo->initialseekpostype = 1
[LOG] SystemI::createSoundInternal             : Format has 1 subsounds.
[LOG] SystemI::createSoundInternal             : Create as FMOD_CREATESAMPLE
[LOG] SystemI::createSoundInternal             : Multi-sample sound (1 subsounds), create a sample container.
[LOG] SystemI::createSoundInternal             : creating subsound 0/1
[LOG] SystemI::createSample                    : mode 02000202 length 33854 samples, lengthbytes 5248
[LOG] SystemI::createSample                    : channels = 2
[LOG] SystemI::createSample                    : output = 0000000070D1A6E8
[LOG] OutputSoftware::createSample             : lengthpcm 33854, lengthbytes 5248, channels 2, format 2, freq 48000, mode 0200020a
[LOG] SystemI::createSoundInternal             : No name found in file, use filename.
[LOG] SystemI::createSoundInternal             : done.  OpenState now = FMOD_OPENSTATE_READY.

[LOG] SystemI::createSoundInternal             : filename =  : mode 02000202
[LOG] SystemI::createSoundInternal             : exinfo->cbsize             = 232
[LOG] SystemI::createSoundInternal             : exinfo->length             = 3531648
[LOG] SystemI::createSoundInternal             : exinfo->fileoffset         = 87360
[LOG] SystemI::createSoundInternal             : exinfo->numsubsounds       = 1
[LOG] SystemI::createSoundInternal             : exinfo->inclusionlist      = 0000000076B5FB38
[LOG] SystemI::createSoundInternal             : exinfo->inclusionlistnum   = 1
[LOG] SystemI::createSoundInternal             : exinfo->suggestedsoundtype = 5
[LOG] SystemI::createSoundInternal             : exinfo->useropen           = 000007FEDBB55130
[LOG] SystemI::createSoundInternal             : exinfo->userclose          = 000007FEDBB55100
[LOG] SystemI::createSoundInternal             : exinfo->userread           = 000007FEDBB55200
[LOG] SystemI::createSoundInternal             : exinfo->userseek           = 000007FEDBB552B0
[LOG] SystemI::createSoundInternal             : exinfo->fileuserdata       = 0000000041D42F08
[LOG] SystemI::createSoundInternal             : exinfo->initialseekpostype = 1
[LOG] SystemI::createSoundInternal             : Format has 1 subsounds.
[LOG] SystemI::createSoundInternal             : Create as FMOD_CREATESAMPLE
[LOG] SystemI::createSoundInternal             : Multi-sample sound (1 subsounds), create a sample container.
[LOG] SystemI::createSoundInternal             : creating subsound 0/1
[LOG] SystemI::createSample                    : mode 02000202 length 180900 samples, lengthbytes 33184
[LOG] SystemI::createSample                    : channels = 1
[LOG] SystemI::createSample                    : output = 0000000070D1A6E8
[LOG] OutputSoftware::createSample             : lengthpcm 180900, lengthbytes 33184, channels 1, format 2, freq 48000, mode 0200020a
[LOG] SystemI::createSoundInternal             : No name found in file, use filename.
[LOG] SystemI::createSoundInternal             : done.  OpenState now = FMOD_OPENSTATE_READY.

[LOG] SystemI::createSoundInternal             : filename =  : mode 02000202
[LOG] SystemI::createSoundInternal             : exinfo->cbsize             = 232
[LOG] SystemI::createSoundInternal             : exinfo->length             = 3531648
[LOG] SystemI::createSoundInternal             : exinfo->fileoffset         = 87360
[LOG] SystemI::createSoundInternal             : exinfo->numsubsounds       = 1
[LOG] SystemI::createSoundInternal             : exinfo->inclusionlist      = 0000000076B5FB38
[LOG] SystemI::createSoundInternal             : exinfo->inclusionlistnum   = 1
[LOG] SystemI::createSoundInternal             : exinfo->suggestedsoundtype = 5
[LOG] SystemI::createSoundInternal             : exinfo->useropen           = 000007FEDBB55130
[LOG] SystemI::createSoundInternal             : exinfo->userclose          = 000007FEDBB55100
[LOG] SystemI::createSoundInternal             : exinfo->userread           = 000007FEDBB55200
[LOG] SystemI::createSoundInternal             : exinfo->userseek           = 000007FEDBB552B0
[LOG] SystemI::createSoundInternal             : exinfo->fileuserdata       = 0000000041D42F08
[LOG] SystemI::createSoundInternal             : exinfo->initialseekpostype = 1
[LOG] SystemI::createSoundInternal             : Format has 1 subsounds.
[LOG] SystemI::createSoundInternal             : Create as FMOD_CREATESAMPLE
[LOG] SystemI::createSoundInternal             : Multi-sample sound (1 subsounds), create a sample container.
[LOG] SystemI::createSoundInternal             : creating subsound 0/1
[LOG] SystemI::createSample                    : mode 02000202 length 132407 samples, lengthbytes 26592
[LOG] SystemI::createSample                    : channels = 1
[LOG] SystemI::createSample                    : output = 0000000070D1A6E8
[LOG] OutputSoftware::createSample             : lengthpcm 132407, lengthbytes 26592, channels 1, format 2, freq 48000, mode 0200020a
[LOG] SystemI::createSoundInternal             : No name found in file, use filename.
[LOG] SystemI::createSoundInternal             : done.  OpenState now = FMOD_OPENSTATE_READY.

[LOG] SystemI::createSoundInternal             : filename =  : mode 02000202
[LOG] SystemI::createSoundInternal             : exinfo->cbsize             = 232
[LOG] SystemI::createSoundInternal             : exinfo->length             = 3531648
[LOG] SystemI::createSoundInternal             : exinfo->fileoffset         = 87360
[LOG] SystemI::createSoundInternal             : exinfo->numsubsounds       = 1
[LOG] SystemI::createSoundInternal             : exinfo->inclusionlist      = 0000000076B5FB38
[LOG] SystemI::createSoundInternal             : exinfo->inclusionlistnum   = 1
[LOG] SystemI::createSoundInternal             : exinfo->suggestedsoundtype = 5
[LOG] SystemI::createSoundInternal             : exinfo->useropen           = 000007FEDBB55130
[LOG] SystemI::createSoundInternal             : exinfo->userclose          = 000007FEDBB55100
[LOG] SystemI::createSoundInternal             : exinfo->userread           = 000007FEDBB55200
[LOG] SystemI::createSoundInternal             : exinfo->userseek           = 000007FEDBB552B0
[LOG] SystemI::createSoundInternal             : exinfo->fileuserdata       = 0000000041D42F08
[LOG] SystemI::createSoundInternal             : exinfo->initialseekpostype = 1
[LOG] SystemI::createSoundInternal             : Format has 1 subsounds.
[LOG] SystemI::createSoundInternal             : Create as FMOD_CREATESAMPLE
[LOG] SystemI::createSoundInternal             : Multi-sample sound (1 subsounds), create a sample container.
[LOG] SystemI::createSoundInternal             : creating subsound 0/1
[LOG] SystemI::createSample                    : mode 02000202 length 257277 samples, lengthbytes 49184
[LOG] SystemI::createSample                    : channels = 1
[LOG] SystemI::createSample                    : output = 0000000070D1A6E8
[LOG] OutputSoftware::createSample             : lengthpcm 257277, lengthbytes 49184, channels 1, format 2, freq 48000, mode 0200020a
[LOG] SystemI::createSoundInternal             : No name found in file, use filename.
[LOG] SystemI::createSoundInternal             : done.  OpenState now = FMOD_OPENSTATE_READY.

[LOG] SystemI::createSoundInternal             : filename =  : mode 02000202
[LOG] SystemI::createSoundInternal             : exinfo->cbsize             = 232
[LOG] SystemI::createSoundInternal             : exinfo->length             = 3531648
[LOG] SystemI::createSoundInternal             : exinfo->fileoffset         = 87360
[LOG] SystemI::createSoundInternal             : exinfo->numsubsounds       = 1
[LOG] SystemI::createSoundInternal             : exinfo->inclusionlist      = 0000000076B5FB38
[LOG] SystemI::createSoundInternal             : exinfo->inclusionlistnum   = 1
[LOG] SystemI::createSoundInternal             : exinfo->suggestedsoundtype = 5
[LOG] SystemI::createSoundInternal             : exinfo->useropen           = 000007FEDBB55130
[LOG] SystemI::createSoundInternal             : exinfo->userclose          = 000007FEDBB55100
[LOG] SystemI::createSoundInternal             : exinfo->userread           = 000007FEDBB55200
[LOG] SystemI::createSoundInternal             : exinfo->userseek           = 000007FEDBB552B0
[LOG] SystemI::createSoundInternal             : exinfo->fileuserdata       = 0000000041D42F08
[LOG] SystemI::createSoundInternal             : exinfo->initialseekpostype = 1
[LOG] SystemI::createSoundInternal             : Format has 1 subsounds.
[LOG] SystemI::createSoundInternal             : Create as FMOD_CREATESAMPLE
[LOG] SystemI::createSoundInternal             : Multi-sample sound (1 subsounds), create a sample container.
[LOG] SystemI::createSoundInternal             : creating subsound 0/1
[LOG] SystemI::createSample                    : mode 02000202 length 289208 samples, lengthbytes 53600
[LOG] SystemI::createSample                    : channels = 1
[LOG] SystemI::createSample                    : output = 0000000070D1A6E8
[LOG] OutputSoftware::createSample             : lengthpcm 289208, lengthbytes 53600, channels 1, format 2, freq 48000, mode 0200020a
[LOG] SystemI::createSoundInternal             : No name found in file, use filename.
[LOG] SystemI::createSoundInternal             : done.  OpenState now = FMOD_OPENSTATE_READY.

[LOG] SystemI::createSoundInternal             : filename =  : mode 02000202
[LOG] SystemI::createSoundInternal             : exinfo->cbsize             = 232
[LOG] SystemI::createSoundInternal             : exinfo->length             = 3531648
[LOG] SystemI::createSoundInternal             : exinfo->fileoffset         = 87360
[LOG] SystemI::createSoundInternal             : exinfo->numsubsounds       = 1
[LOG] SystemI::createSoundInternal             : exinfo->inclusionlist      = 0000000076B5FB38
[LOG] SystemI::createSoundInternal             : exinfo->inclusionlistnum   = 1
[LOG] SystemI::createSoundInternal             : exinfo->suggestedsoundtype = 5
[LOG] SystemI::createSoundInternal             : exinfo->useropen           = 000007FEDBB55130
[LOG] SystemI::createSoundInternal             : exinfo->userclose          = 000007FEDBB55100
[LOG] SystemI::createSoundInternal             : exinfo->userread           = 000007FEDBB55200
[LOG] SystemI::createSoundInternal             : exinfo->userseek           = 000007FEDBB552B0
[LOG] SystemI::createSoundInternal             : exinfo->fileuserdata       = 0000000041D42F08
[LOG] SystemI::createSoundInternal             : exinfo->initialseekpostype = 1
[LOG] SystemI::createSoundInternal             : Format has 1 subsounds.
[LOG] SystemI::createSoundInternal             : Create as FMOD_CREATESAMPLE
[LOG] SystemI::createSoundInternal             : Multi-sample sound (1 subsounds), create a sample container.
[LOG] SystemI::createSoundInternal             : creating subsound 0/1
[LOG] SystemI::createSample                    : mode 02000202 length 170496 samples, lengthbytes 32256
[LOG] SystemI::createSample                    : channels = 1
[LOG] SystemI::createSample                    : output = 0000000070D1A6E8
[LOG] OutputSoftware::createSample             : lengthpcm 170496, lengthbytes 32256, channels 1, format 2, freq 48000, mode 0200020a
[LOG] SystemI::createSoundInternal             : No name found in file, use filename.
[LOG] SystemI::createSoundInternal             : done.  OpenState now = FMOD_OPENSTATE_READY.

[LOG] SystemI::createSound                     : filename = F:\FYP\FYP-Project-Folder\Idea1_FMOD\Build\Desktop/Master Bank.bank : mode 02010082
[LOG] SystemI::createSound                     : FMOD_NONBLOCKING specified.  Putting into queue to be opened asynchronously!
[LOG] Thread::initThread                       : Initializing FMOD nonblocking thread (0).  priority 1
[LOG] Thread::initThread                       : - Stacksize 81920.  Stack pointer 0000000000000000 : usesemaphore = 1 : sleeptime = 0
[LOG] Thread::callback                         : * FMOD nonblocking thread (0) started
[LOG] SystemI::createSound                     : setdata soundi = 0000000070B3F6D8 : node = 000000008FD6F260
[LOG] SystemI::createSound                     : add node to async list : head = 000000008FE76B58.  list count = 0
[LOG] AsyncThread::threadFunc                  : Starting Asynchronous operation on sound 0000000070B3F6D8
[LOG] SystemI::createSoundInternal             :     filename = F:\FYP\FYP-Project-Folder\Idea1_FMOD\Build\Desktop/Master Bank.bank : mode 02010082
[LOG] SystemI::createSoundInternal             :     exinfo->cbsize             = 232
[LOG] SystemI::createSoundInternal             :     exinfo->length             = 3531648
[LOG] SystemI::createSoundInternal             :     exinfo->fileoffset         = 87360
[LOG] SystemI::createSoundInternal             :     exinfo->numsubsounds       = 1
[LOG] SystemI::createSoundInternal             :     exinfo->inclusionlist      = 000000008FD6F378
[LOG] SystemI::createSoundInternal             :     exinfo->inclusionlistnum   = 1
[LOG] SystemI::createSoundInternal             :     exinfo->suggestedsoundtype = 5
[LOG] SystemI::createSoundInternal             :     exinfo->initialseekpostype = 1
[LOG] SystemI::createSound                     :     filename = F:\FYP\FYP-Project-Folder\Idea1_FMOD\Build\Desktop/Master Bank.bank : mode 02010082
[LOG] SystemI::createSound                     :     FMOD_NONBLOCKING specified.  Putting into queue to be opened asynchronously!
[LOG] SystemI::createSound                     :     setdata soundi = 0000000070729E38 : node = 000000008FD6ED20
[LOG] SystemI::createSound                     :     add node to async list : head = 000000008FE76B58.  list count = 0
[LOG] SystemI::createSound                     :     filename = F:\FYP\FYP-Project-Folder\Idea1_FMOD\Build\Desktop/Master Bank.bank : mode 02010082
[LOG] SystemI::createSound                     :     FMOD_NONBLOCKING specified.  Putting into queue to be opened asynchronously!
[LOG] SystemI::createSound                     :     setdata soundi = 0000000070729C98 : node = 000000008FD6EE70
[LOG] SystemI::createSoundInternal             :     Format has 1 subsounds.
[LOG] SystemI::createSound                     :     add node to async list : head = 000000008FE76B58.  list count = 1
[LOG] SystemI::createSoundInternal             :     Create as FMOD_CREATESTREAM
[LOG] System::createSoundInternal              :     decode buffersize = 19200 : blocksize = 256 : format = 2
[LOG] SystemI::createSample                    :     mode 02010082 length 19200 samples, lengthbytes 253056
[LOG] SystemI::createSample                    :     channels = 1
[LOG] SystemI::createSample                    :     output = 0000000070D1A6E8
[LOG] OutputSoftware::createSample             :     lengthpcm 19200, lengthbytes 253056, channels 1, format 2, freq 48000, mode 0201008a
[LOG] System::createSoundInternal              :     1 subsounds detected.
[LOG] System::createSoundInternal              :     Seek stream to start
[LOG] SystemI::createSound                     :     filename = F:\FYP\FYP-Project-Folder\Idea1_FMOD\Build\Desktop/Master Bank.bank : mode 02010082
[LOG] SystemI::createSound                     :     FMOD_NONBLOCKING specified.  Putting into queue to be opened asynchronously!
[LOG] SystemI::createSound                     :     setdata soundi = 000000007072A658 : node = 000000008FD6EFC0
[LOG] System::createSoundInternal              :     flush stream buffer
[LOG] SystemI::createSound                     :     add node to async list : head = 000000008FE76B58.  list count = 2
[LOG] System::createSoundInternal              :     flush successful.
[LOG] System::createSoundInternal              :     switch file handle from small blocking single buffered to large nonblocking doublebuffered.
[LOG] Thread::initThread                       :         Initializing FMOD file thread.  priority 1
[LOG] Thread::initThread                       :         - Stacksize 16384.  Stack pointer 0000000000000000 : usesemaphore = 0 : sleeptime = 10
[LOG] Thread::callback                         :         * FMOD file thread started
[LOG] SystemI::createSoundInternal             :     done.  OpenState now = FMOD_OPENSTATE_READY.

[LOG] AsyncThread::threadFunc                  : Finished Asynchronous operation on sound 0000000070B3F6D8
[LOG] AsyncThread::threadFunc                  : Starting Asynchronous operation on sound 0000000070729E38
[LOG] SystemI::createSoundInternal             :     filename = F:\FYP\FYP-Project-Folder\Idea1_FMOD\Build\Desktop/Master Bank.bank : mode 02010082
[LOG] SystemI::createSoundInternal             :     exinfo->cbsize             = 232
[LOG] SystemI::createSoundInternal             :     exinfo->length             = 3531648
[LOG] SystemI::createSoundInternal             :     exinfo->fileoffset         = 87360
[LOG] SystemI::createSoundInternal             :     exinfo->numsubsounds       = 1
[LOG] SystemI::createSoundInternal             :     exinfo->inclusionlist      = 000000008FD6EE38
[LOG] SystemI::createSoundInternal             :     exinfo->inclusionlistnum   = 1
[LOG] SystemI::createSoundInternal             :     exinfo->suggestedsoundtype = 5
[LOG] SystemI::createSoundInternal             :     exinfo->initialseekpostype = 1
[LOG] SystemI::createSoundInternal             :     Format has 1 subsounds.
[LOG] SystemI::createSoundInternal             :     Create as FMOD_CREATESTREAM
[LOG] System::createSoundInternal              :     decode buffersize = 19200 : blocksize = 256 : format = 2
[LOG] SystemI::createSample                    :     mode 02010082 length 19200 samples, lengthbytes 371744
[LOG] SystemI::createSample                    :     channels = 2
[LOG] SystemI::createSample                    :     output = 0000000070D1A6E8
[LOG] OutputSoftware::createSample             :     lengthpcm 19200, lengthbytes 371744, channels 2, format 2, freq 48000, mode 0201008a
[LOG] System::createSoundInternal              :     1 subsounds detected.
[LOG] System::createSoundInternal              :     Seek stream to start
[LOG] System::createSoundInternal              :     flush stream buffer
[LOG] System::createSoundInternal              :     flush successful.
[LOG] System::createSoundInternal              :     switch file handle from small blocking single buffered to large nonblocking doublebuffered.
[LOG] SystemI::createSoundInternal             :     done.  OpenState now = FMOD_OPENSTATE_READY.

[LOG] AsyncThread::threadFunc                  : Finished Asynchronous operation on sound 0000000070729E38
[LOG] AsyncThread::threadFunc                  : Starting Asynchronous operation on sound 0000000070729C98
[LOG] SystemI::createSoundInternal             :     filename = F:\FYP\FYP-Project-Folder\Idea1_FMOD\Build\Desktop/Master Bank.bank : mode 02010082
[LOG] SystemI::createSoundInternal             :     exinfo->cbsize             = 232
[LOG] SystemI::createSoundInternal             :     exinfo->length             = 3531648
[LOG] SystemI::createSoundInternal             :     exinfo->fileoffset         = 87360
[LOG] SystemI::createSoundInternal             :     exinfo->numsubsounds       = 1
[LOG] SystemI::createSoundInternal             :     exinfo->inclusionlist      = 000000008FD6EF88
[LOG] SystemI::createSoundInternal             :     exinfo->inclusionlistnum   = 1
[LOG] SystemI::createSoundInternal             :     exinfo->suggestedsoundtype = 5
[LOG] SystemI::createSoundInternal             :     exinfo->initialseekpostype = 1
[LOG] SystemI::createSoundInternal             :     Format has 1 subsounds.
[LOG] SystemI::createSoundInternal             :     Create as FMOD_CREATESTREAM
[LOG] System::createSoundInternal              :     decode buffersize = 19200 : blocksize = 256 : format = 2
[LOG] SystemI::createSample                    :     mode 02010082 length 19200 samples, lengthbytes 253056
[LOG] SystemI::createSample                    :     channels = 1
[LOG] SystemI::createSample                    :     output = 0000000070D1A6E8
[LOG] OutputSoftware::createSample             :     lengthpcm 19200, lengthbytes 253056, channels 1, format 2, freq 48000, mode 0201008a
[LOG] System::createSoundInternal              :     1 subsounds detected.
[LOG] System::createSoundInternal              :     Seek stream to start
[LOG] System::createSoundInternal              :     flush stream buffer
[LOG] System::createSoundInternal              :     flush successful.
[LOG] System::createSoundInternal              :     switch file handle from small blocking single buffered to large nonblocking doublebuffered.
[LOG] SystemI::createSoundInternal             :     done.  OpenState now = FMOD_OPENSTATE_READY.

[LOG] AsyncThread::threadFunc                  : Finished Asynchronous operation on sound 0000000070729C98
[LOG] AsyncThread::threadFunc                  : Starting Asynchronous operation on sound 000000007072A658
[LOG] SystemI::createSoundInternal             :     filename = F:\FYP\FYP-Project-Folder\Idea1_FMOD\Build\Desktop/Master Bank.bank : mode 02010082
[LOG] SystemI::createSoundInternal             :     exinfo->cbsize             = 232
[LOG] SystemI::createSoundInternal             :     exinfo->length             = 3531648
[LOG] SystemI::createSoundInternal             :     exinfo->fileoffset         = 87360
[LOG] SystemI::createSoundInternal             :     exinfo->numsubsounds       = 1
[LOG] SystemI::createSoundInternal             :     exinfo->inclusionlist      = 000000008FD6F0D8
[LOG] SystemI::createSoundInternal             :     exinfo->inclusionlistnum   = 1
[LOG] SystemI::createSoundInternal             :     exinfo->suggestedsoundtype = 5
[LOG] SystemI::createSoundInternal             :     exinfo->initialseekpostype = 1
[LOG] SystemI::createSoundInternal             :     Format has 1 subsounds.
[LOG] SystemI::createSoundInternal             :     Create as FMOD_CREATESTREAM
[LOG] System::createSoundInternal              :     decode buffersize = 19200 : blocksize = 256 : format = 2
[LOG] SystemI::createSample                    :     mode 02010082 length 19200 samples, lengthbytes 371744
[LOG] SystemI::createSample                    :     channels = 2
[LOG] SystemI::createSample                    :     output = 0000000070D1A6E8
[LOG] OutputSoftware::createSample             :     lengthpcm 19200, lengthbytes 371744, channels 2, format 2, freq 48000, mode 0201008a
[LOG] System::createSoundInternal              :     1 subsounds detected.
[LOG] System::createSoundInternal              :     Seek stream to start
[LOG] System::createSoundInternal              :     flush stream buffer
[LOG] System::createSoundInternal              :     flush successful.
[LOG] System::createSoundInternal              :     switch file handle from small blocking single buffered to large nonblocking doublebuffered.
[LOG] SystemI::createSoundInternal             :     done.  OpenState now = FMOD_OPENSTATE_READY.

[LOG] AsyncThread::threadFunc                  : Finished Asynchronous operation on sound 000000007072A658
[LOG] SoundI::getSubSound                      : sound 0000000070B3F6D8.  Subsound index 0 / 1
[LOG] SoundI::getSubSound                      : sound 0000000070729E38.  Subsound index 0 / 1
[LOG] SoundI::getSubSound                      : sound 0000000070729C98.  Subsound index 0 / 1
[LOG] SoundI::getSubSound                      : sound 000000007072A658.  Subsound index 0 / 1
[LOG] SystemI::createSound                     : filename = F:\FYP\FYP-Project-Folder\Idea1_FMOD\Build\Desktop/Master Bank.bank : mode 02010082
[LOG] SystemI::createSound                     : FMOD_NONBLOCKING specified.  Putting into queue to be opened asynchronously!
[LOG] SystemI::createSound                     : setdata soundi = 00000000709DD8E8 : node = 00000000AF57D1D0
[LOG] SystemI::createSound                     : add node to async list : head = 000000008FE76B58.  list count = 0
[LOG] AsyncThread::threadFunc                  : Starting Asynchronous operation on sound 00000000709DD8E8
[LOG] SystemI::createSoundInternal             :     filename = F:\FYP\FYP-Project-Folder\Idea1_FMOD\Build\Desktop/Master Bank.bank : mode 02010082
[LOG] SystemI::createSoundInternal             :     exinfo->cbsize             = 232
[LOG] SystemI::createSoundInternal             :     exinfo->length             = 3531648
[LOG] SystemI::createSoundInternal             :     exinfo->fileoffset         = 87360
[LOG] SystemI::createSoundInternal             :     exinfo->numsubsounds       = 1
[LOG] SystemI::createSoundInternal             :     exinfo->inclusionlist      = 00000000AF57D2E8
[LOG] SystemI::createSoundInternal             :     exinfo->inclusionlistnum   = 1
[LOG] SystemI::createSoundInternal             :     exinfo->suggestedsoundtype = 5
[LOG] SystemI::createSoundInternal             :     exinfo->initialseekpostype = 1
[LOG] SystemI::createSoundInternal             :     Format has 1 subsounds.
[LOG] SystemI::createSoundInternal             :     Create as FMOD_CREATESTREAM
[LOG] System::createSoundInternal              :     decode buffersize = 19200 : blocksize = 256 : format = 2
[LOG] SystemI::createSample                    :     mode 02010082 length 19200 samples, lengthbytes 371744
[LOG] SystemI::createSample                    :     channels = 2
[LOG] SystemI::createSample                    :     output = 0000000070D1A6E8
[LOG] OutputSoftware::createSample             :     lengthpcm 19200, lengthbytes 371744, channels 2, format 2, freq 48000, mode 0201008a
[LOG] System::createSoundInternal              :     1 subsounds detected.
[LOG] System::createSoundInternal              :     Seek stream to start
[LOG] System::createSoundInternal              :     flush stream buffer
[LOG] System::createSoundInternal              :     flush successful.
[LOG] System::createSoundInternal              :     switch file handle from small blocking single buffered to large nonblocking doublebuffered.
[LOG] SystemI::createSoundInternal             :     done.  OpenState now = FMOD_OPENSTATE_READY.

[LOG] AsyncThread::threadFunc                  : Finished Asynchronous operation on sound 00000000709DD8E8
[LOG] SoundI::getSubSound                      : sound 00000000709DD8E8.  Subsound index 0 / 1
[LOG] SystemI::createSound                     : filename = F:\FYP\FYP-Project-Folder\Idea1_FMOD\Build\Desktop/Master Bank.bank : mode 02010082
[LOG] SystemI::createSound                     : FMOD_NONBLOCKING specified.  Putting into queue to be opened asynchronously!
[LOG] SystemI::createSound                     : setdata soundi = 00000000AF50D238 : node = 00000000906DECA0
[LOG] SystemI::createSound                     : add node to async list : head = 000000008FE76B58.  list count = 0
[LOG] AsyncThread::threadFunc                  : Starting Asynchronous operation on sound 00000000AF50D238
[LOG] SystemI::createSoundInternal             :     filename = F:\FYP\FYP-Project-Folder\Idea1_FMOD\Build\Desktop/Master Bank.bank : mode 02010082
[LOG] SystemI::createSoundInternal             :     exinfo->cbsize             = 232
[LOG] SystemI::createSoundInternal             :     exinfo->length             = 3531648
[LOG] SystemI::createSoundInternal             :     exinfo->fileoffset         = 87360
[LOG] SystemI::createSoundInternal             :     exinfo->numsubsounds       = 1
[LOG] SystemI::createSoundInternal             :     exinfo->inclusionlist      = 00000000906DEDB8
[LOG] SystemI::createSoundInternal             :     exinfo->inclusionlistnum   = 1
[LOG] SystemI::createSoundInternal             :     exinfo->suggestedsoundtype = 5
[LOG] SystemI::createSoundInternal             :     exinfo->initialseekpostype = 1
[LOG] SystemI::createSoundInternal             :     Format has 1 subsounds.
[LOG] SystemI::createSoundInternal             :     Create as FMOD_CREATESTREAM
[LOG] System::createSoundInternal              :     decode buffersize = 19200 : blocksize = 256 : format = 2
[LOG] SystemI::createSample                    :     mode 02010082 length 19200 samples, lengthbytes 371744
[LOG] SystemI::createSample                    :     channels = 2
[LOG] SystemI::createSample                    :     output = 0000000070D1A6E8
[LOG] OutputSoftware::createSample             :     lengthpcm 19200, lengthbytes 371744, channels 2, format 2, freq 48000, mode 0201008a
[LOG] System::createSoundInternal              :     1 subsounds detected.
[LOG] System::createSoundInternal              :     Seek stream to start
[LOG] System::createSoundInternal              :     flush stream buffer
[LOG] System::createSoundInternal              :     flush successful.
[LOG] System::createSoundInternal              :     switch file handle from small blocking single buffered to large nonblocking doublebuffered.
[LOG] SystemI::createSoundInternal             :     done.  OpenState now = FMOD_OPENSTATE_READY.

[LOG] AsyncThread::threadFunc                  : Finished Asynchronous operation on sound 00000000AF50D238
[LOG] SoundI::getSubSound                      : sound 00000000AF50D238.  Subsound index 0 / 1
[LOG] SystemI::createSound                     : filename = F:\FYP\FYP-Project-Folder\Idea1_FMOD\Build\Desktop/Master Bank.bank : mode 02010082
[LOG] SystemI::createSound                     : FMOD_NONBLOCKING specified.  Putting into queue to be opened asynchronously!
[LOG] SystemI::createSound                     : setdata soundi = 00000000AF50CEF8 : node = 00000000906DEDF0
[LOG] SystemI::createSound                     : add node to async list : head = 000000008FE76B58.  list count = 0
[LOG] AsyncThread::threadFunc                  : Starting Asynchronous operation on sound 00000000AF50CEF8
[LOG] SystemI::createSoundInternal             :     filename = F:\FYP\FYP-Project-Folder\Idea1_FMOD\Build\Desktop/Master Bank.bank : mode 02010082
[LOG] SystemI::createSoundInternal             :     exinfo->cbsize             = 232
[LOG] SystemI::createSoundInternal             :     exinfo->length             = 3531648
[LOG] SystemI::createSoundInternal             :     exinfo->fileoffset         = 87360
[LOG] SystemI::createSoundInternal             :     exinfo->numsubsounds       = 1
[LOG] SystemI::createSoundInternal             :     exinfo->inclusionlist      = 00000000906DEF08
[LOG] SystemI::createSoundInternal             :     exinfo->inclusionlistnum   = 1
[LOG] SystemI::createSoundInternal             :     exinfo->suggestedsoundtype = 5
[LOG] SystemI::createSoundInternal             :     exinfo->initialseekpostype = 1
[LOG] SystemI::createSoundInternal             :     Format has 1 subsounds.
[LOG] SystemI::createSoundInternal             :     Create as FMOD_CREATESTREAM
[LOG] System::createSoundInternal              :     decode buffersize = 19200 : blocksize = 256 : format = 2
[LOG] SystemI::createSample                    :     mode 02010082 length 19200 samples, lengthbytes 253056
[LOG] SystemI::createSample                    :     channels = 1
[LOG] SystemI::createSample                    :     output = 0000000070D1A6E8
[LOG] OutputSoftware::createSample             :     lengthpcm 19200, lengthbytes 253056, channels 1, format 2, freq 48000, mode 0201008a
[LOG] System::createSoundInternal              :     1 subsounds detected.
[LOG] System::createSoundInternal              :     Seek stream to start
[LOG] System::createSoundInternal              :     flush stream buffer
[LOG] System::createSoundInternal              :     flush successful.
[LOG] System::createSoundInternal              :     switch file handle from small blocking single buffered to large nonblocking doublebuffered.
[LOG] SystemI::createSoundInternal             :     done.  OpenState now = FMOD_OPENSTATE_READY.

[LOG] AsyncThread::threadFunc                  : Finished Asynchronous operation on sound 00000000AF50CEF8
[LOG] SoundI::getSubSound                      : sound 00000000AF50CEF8.  Subsound index 0 / 1
[LOG] SoundI::release                          :  (00000000AFF7E738)
[LOG] SoundI::release                          : release subsounds. (00000000AFF7E738)
[LOG] SoundI::release                          :     idle_breath_01 (000000008FB69208)
[LOG] SoundI::release                          : release codec. (00000000AFF7E738)
[LOG] SoundI::release                          :  (00000000AF44E8A8)
[LOG] SoundI::release                          : release subsounds. (00000000AF44E8A8)
[LOG] SoundI::release                          :     idle_breath_02 (000000008FB62AE8)
[LOG] SoundI::release                          : release codec. (00000000AF44E8A8)
[LOG] SoundI::release                          :  (00000000AF44E008)
[LOG] SoundI::release                          : release subsounds. (00000000AF44E008)
[LOG] SoundI::release                          :     idle_breath_03 (000000008FB66C88)
[LOG] SoundI::release                          : release codec. (00000000AF44E008)
[LOG] SoundI::release                          :  (00000000AF44ECF8)
[LOG] SoundI::release                          : release subsounds. (00000000AF44ECF8)
[LOG] SoundI::release                          :     idle_breath_04 (000000008FB69398)
[LOG] SoundI::release                          : release codec. (00000000AF44ECF8)
[LOG] SoundI::release                          :  (00000000AF44EA18)
[LOG] SoundI::release                          : release subsounds. (00000000AF44EA18)
[LOG] SoundI::release                          :     idle_breath_06 (000000008FB66198)
[LOG] SoundI::release                          : release codec. (00000000AF44EA18)
[LOG] SoundI::release                          :  (00000000AF44E738)
[LOG] SoundI::release                          : release subsounds. (00000000AF44E738)
[LOG] SoundI::release                          :     moan04 (000000008FB68588)
[LOG] SoundI::release                          : release codec. (00000000AF44E738)
[LOG] SoundI::release                          :  (00000000AFF7DE98)
[LOG] SoundI::release                          : release subsounds. (00000000AFF7DE98)
[LOG] SoundI::release                          :     moan05 (000000008FB656A8)
[LOG] SoundI::release                          : release codec. (00000000AFF7DE98)
[LOG] SoundI::release                          :  (00000000AFF7E5C8)
[LOG] SoundI::release                          : release subsounds. (00000000AFF7E5C8)
[LOG] SoundI::release                          :     moan06 (000000008FB68268)
[LOG] SoundI::release                          : release codec. (00000000AFF7E5C8)
[LOG] SoundI::release                          :  (00000000707BF0C8)
[LOG] SoundI::release                          : release subsounds. (00000000707BF0C8)
[LOG] SoundI::release                          :     moan07 (000000008FB64898)
[LOG] SoundI::release                          : release codec. (00000000707BF0C8)
[LOG] SoundI::release                          :  (00000000AF44EB88)
[LOG] SoundI::release                          : release subsounds. (00000000AF44EB88)
[LOG] SoundI::release                          :     moan08 (000000008FB680D8)
[LOG] SoundI::release                          : release codec. (00000000AF44EB88)
[LOG] SoundI::release                          :  (000000007041E1A8)
[LOG] SoundI::release                          : release subsounds. (000000007041E1A8)
[LOG] SoundI::release                          :     moan09 (000000008FB65388)
[LOG] SoundI::release                          : release codec. (000000007041E1A8)
[LOG] SoundI::release                          : Wind_Loop_02 (00000000AF50D238)
[LOG] SoundI::release                          : remove stream samples. (00000000AF50D238)
[LOG] SoundI::release                          :     Wind_Loop_02 (000000008FB66328)
[LOG] SoundI::release                          : release subsounds. (00000000AF50D238)
[LOG] SoundI::release                          :     Wind_Loop_02 (00000000AF50D3D8)
[LOG] SoundI::release                          : release codec. (00000000AF50D238)
[LOG] SoundI::release                          : Wind_Loop_02 (000000007072A658)
[LOG] SoundI::release                          : remove stream samples. (000000007072A658)
[LOG] SoundI::release                          :     Wind_Loop_02 (000000008FB6A4C8)
[LOG] SoundI::release                          : release subsounds. (000000007072A658)
[LOG] SoundI::release                          :     Wind_Loop_02 (00000000709DDA88)
[LOG] SoundI::release                          : release codec. (000000007072A658)
[LOG] SoundI::release                          : Cicada_Loop_1 (0000000070729C98)
[LOG] SoundI::release                          : remove stream samples. (0000000070729C98)
[LOG] SoundI::release                          :     Cicada_Loop_1 (000000008FB69CF8)
[LOG] SoundI::release                          : release subsounds. (0000000070729C98)
[LOG] SoundI::release                          :     Cicada_Loop_1 (00000000709DDF68)
[LOG] SoundI::release                          : release codec. (0000000070729C98)
[LOG] SoundI::release                          : Wind_Loop_02 (00000000709DD8E8)
[LOG] SoundI::release                          : remove stream samples. (00000000709DD8E8)
[LOG] SoundI::release                          :     Wind_Loop_02 (000000008F88C938)
[LOG] SoundI::release                          : release subsounds. (00000000709DD8E8)
[LOG] SoundI::release                          :     Wind_Loop_02 (00000000709DDDC8)
[LOG] SoundI::release                          : release codec. (00000000709DD8E8)
[LOG] SoundI::release                          : Wind_Loop_02 (0000000070729E38)
[LOG] SoundI::release                          : remove stream samples. (0000000070729E38)
[LOG] SoundI::release                          :     Wind_Loop_02 (000000008FB675E8)
[LOG] SoundI::release                          : release subsounds. (0000000070729E38)
[LOG] SoundI::release                          :     Wind_Loop_02 (000000007072A998)
[LOG] SoundI::release                          : release codec. (0000000070729E38)
[LOG] SoundI::release                          : Cicada_Loop_1 (00000000AF50CEF8)
[LOG] SoundI::release                          : remove stream samples. (00000000AF50CEF8)
[LOG] SoundI::release                          :     Cicada_Loop_1 (000000008FB632B8)
[LOG] SoundI::release                          : release subsounds. (00000000AF50CEF8)
[LOG] SoundI::release                          :     Cicada_Loop_1 (000000008FD71D08)
[LOG] SoundI::release                          : release codec. (00000000AF50CEF8)
[LOG] SoundI::release                          : Cicada_Loop_1 (0000000070B3F6D8)
[LOG] SoundI::release                          : remove stream samples. (0000000070B3F6D8)
[LOG] SoundI::release                          :     Cicada_Loop_1 (000000008FB67A98)
[LOG] SoundI::release                          : release subsounds. (0000000070B3F6D8)
[LOG] SoundI::release                          :     Cicada_Loop_1 (000000007072A7F8)
[LOG] SoundI::release                          : release codec. (0000000070B3F6D8)
[LOG] SoundI::release                          :  (00000000AFF7DBB8)
[LOG] SoundI::release                          : release subsounds. (00000000AFF7DBB8)
[LOG] SoundI::release                          :     mumbling04 (000000008FB64258)
[LOG] SoundI::release                          : release codec. (00000000AFF7DBB8)
[LOG] SoundI::release                          :  (00000000AF44E178)
[LOG] SoundI::release                          : release subsounds. (00000000AF44E178)
[LOG] SoundI::release                          :     mumbling05 (000000008FB69078)
[LOG] SoundI::release                          : release codec. (00000000AF44E178)
[LOG] SoundI::release                          :  (00000000AFF7E2E8)
[LOG] SoundI::release                          : release subsounds. (00000000AFF7E2E8)
[LOG] SoundI::release                          :     mumbling07 (000000008FB638F8)
[LOG] SoundI::release                          : release codec. (00000000AFF7E2E8)
[LOG] SoundI::release                          :  (00000000709D04F8)
[LOG] SoundI::release                          : release subsounds. (00000000709D04F8)
[LOG] SoundI::release                          :     mumbling08 (000000008FB67908)
[LOG] SoundI::release                          : release codec. (00000000709D04F8)
[LOG] SoundI::release                          :  (00000000AFF7E008)
[LOG] SoundI::release                          : release subsounds. (00000000AFF7E008)
[LOG] SoundI::release                          :     mumbling06 (000000008FB63C18)
[LOG] SoundI::release                          : release codec. (00000000AFF7E008)
[LOG] SoundI::release                          :  (00000000AFF7E178)
[LOG] SoundI::release                          : release subsounds. (00000000AFF7E178)
[LOG] SoundI::release                          :     Walking on wood (000000008FB6A7E8)
[LOG] SoundI::release                          : release codec. (00000000AFF7E178)
[LOG] SoundI::release                          :  (00000000AFF7DA48)
[LOG] SoundI::release                          : release subsounds. (00000000AFF7DA48)
[LOG] SoundI::release                          :     Footsteps_Dirt_01 (000000008FB63DA8)
[LOG] SoundI::release                          : release codec. (00000000AFF7DA48)
[LOG] SoundI::release                          :  (00000000AFF7E458)
[LOG] SoundI::release                          : release subsounds. (00000000AFF7E458)
[LOG] SoundI::release                          :     Footsteps_Dirt_02 (000000008FB696B8)
[LOG] SoundI::release                          : release codec. (00000000AFF7E458)
[LOG] SoundI::release                          :  (00000000AFF7DD28)
[LOG] SoundI::release                          : release subsounds. (00000000AFF7DD28)
[LOG] SoundI::release                          :     Footsteps_Dirt_03 (000000008FB64578)
[LOG] SoundI::release                          : release codec. (00000000AFF7DD28)
[LOG] SoundI::release                          :  (00000000AF44E2E8)
[LOG] SoundI::release                          : release subsounds. (00000000AF44E2E8)
[LOG] SoundI::release                          :     Footsteps_Dirt_04 (000000008FB69B68)
[LOG] SoundI::release                          : release codec. (00000000AF44E2E8)
[LOG] SoundI::release                          :  (00000000AF44E458)
[LOG] SoundI::release                          : release subsounds. (00000000AF44E458)
[LOG] SoundI::release                          :     Footstep_Concrete_01 (000000008FB68D58)
[LOG] SoundI::release                          : release codec. (00000000AF44E458)
[LOG] SoundI::release                          :  (00000000AF44E5C8)
[LOG] SoundI::release                          : release subsounds. (00000000AF44E5C8)
[LOG] SoundI::release                          :     Footstep_Concrete_02 (000000008FB6A1A8)
[LOG] SoundI::release                          : release codec. (00000000AF44E5C8)
[LOG] SoundI::release                          :  (0000000070A274A8)
[LOG] SoundI::release                          : release subsounds. (0000000070A274A8)
[LOG] SoundI::release                          :     Cricket_Crick_01 (000000008FB69E88)
[LOG] SoundI::release                          : release codec. (0000000070A274A8)
[LOG] Thread::callback                         : * FMOD Studio update thread finished
[LOG] Thread::close                            : FMOD Studio update thread thread destroyed
[LOG] Thread::callback                         : * FMOD Studio bank load thread finished
[LOG] Thread::close                            : FMOD Studio bank load thread thread destroyed
[LOG] Profile::disconnectAll                   : Profiler disconnecting all clients
[LOG] Thread::callback                         : * FMOD Studio sample load thread finished
[LOG] Thread::close                            : FMOD Studio sample load thread thread destroyed
[LOG] LiveUpdate::release                      : 
[LOG] LiveUpdate::reset                        : Reset connection (reason Disconnected)
[LOG] SystemI::close                           : 
[LOG] SystemI::close                           : Stop all sounds
[LOG] Thread::callback                         : * FMOD stream thread finished
[LOG] Thread::close                            : FMOD stream thread thread destroyed
[LOG] SystemI::close                           : Stream thread destroyed
[LOG] Thread::callback                         : * FMOD mixer thread finished
[LOG] Thread::close                            : FMOD mixer thread thread destroyed
[LOG] SystemI::close                           : Free master channel group.
[LOG] SystemI::close                           : Remove 'master' sound group.
[LOG] SystemI::close                           : Free software output.
[LOG] SystemI::close                           : Free emulated output.
[LOG] SystemI::close                           : Free channel pool.
[LOG] Thread::callback                         : * FMOD nonblocking thread (0) finished
[LOG] Thread::close                            : FMOD nonblocking thread (0) thread destroyed
[LOG] Thread::callback                         : * FMOD file thread finished
[LOG] Thread::close                            : FMOD file thread thread destroyed
[LOG] SystemI::close                           : done.

